[INFO] 2023-04-04T11:34:33.001382 Running DLIO with 2 process(es) [/home/ubuntu/storage/dlio_benchmark/src/dlio_benchmark.py:104]
[INFO] 2023-04-04T11:34:33.001537 Reading workload YAML config file '/home/ubuntu/storage/storage-conf/workload/unet3d.yaml' [/home/ubuntu/storage/dlio_benchmark/src/dlio_benchmark.py:106]
[INFO] 2023-04-04T11:34:33.065096 Max steps per epoch: 6 = 1 * 50 / 4 / 2 (samples per file * num files / batch size / comm size) [/home/ubuntu/storage/dlio_benchmark/src/dlio_benchmark.py:274]
[INFO] 2023-04-04T11:34:33.065213 Starting epoch 1: 6 steps expected [/home/ubuntu/storage/dlio_benchmark/src/utils/statscounter.py:116]
[INFO] 2023-04-04T11:34:33.065338 Prefetch size is 0; a default prefetch factor of 2 will be set to Torch DataLoader. [/home/ubuntu/storage/dlio_benchmark/src/reader/torch_data_loader_reader.py:123]
[INFO] 2023-04-04T11:34:33.065541 Starting block 1 [/home/ubuntu/storage/dlio_benchmark/src/utils/statscounter.py:182]
[INFO] 2023-04-04T11:34:35.787223 Rank 0 step 1 processed 4 samples in 2.7216153144836426 s [/home/ubuntu/storage/dlio_benchmark/src/utils/statscounter.py:243]
[INFO] 2023-04-04T11:34:35.787237 Rank 1 step 1 processed 4 samples in 2.7218449115753174 s [/home/ubuntu/storage/dlio_benchmark/src/utils/statscounter.py:243]
[INFO] 2023-04-04T11:34:37.150061 Rank 1 step 2 processed 4 samples in 1.3624088764190674 s [/home/ubuntu/storage/dlio_benchmark/src/utils/statscounter.py:243]
[INFO] 2023-04-04T11:34:37.150061 Rank 0 step 2 processed 4 samples in 1.3624670505523682 s [/home/ubuntu/storage/dlio_benchmark/src/utils/statscounter.py:243]
[INFO] 2023-04-04T11:34:38.512745 Rank 0 step 3 processed 4 samples in 1.3624546527862549 s [/home/ubuntu/storage/dlio_benchmark/src/utils/statscounter.py:243]
[INFO] 2023-04-04T11:34:38.512746 Rank 1 step 3 processed 4 samples in 1.3624553680419922 s [/home/ubuntu/storage/dlio_benchmark/src/utils/statscounter.py:243]
[INFO] 2023-04-04T11:34:39.875404 Rank 1 step 4 processed 4 samples in 1.3624181747436523 s [/home/ubuntu/storage/dlio_benchmark/src/utils/statscounter.py:243]
[INFO] 2023-04-04T11:34:39.875404 Rank 0 step 4 processed 4 samples in 1.3624250888824463 s [/home/ubuntu/storage/dlio_benchmark/src/utils/statscounter.py:243]
[INFO] 2023-04-04T11:34:41.239774 Rank 1 step 5 processed 4 samples in 1.3641400337219238 s [/home/ubuntu/storage/dlio_benchmark/src/utils/statscounter.py:243]
[INFO] 2023-04-04T11:34:41.239773 Rank 0 step 5 processed 4 samples in 1.3641397953033447 s [/home/ubuntu/storage/dlio_benchmark/src/utils/statscounter.py:243]
[INFO] 2023-04-04T11:34:42.603493 Rank 1 step 6 processed 4 samples in 1.3634324073791504 s [/home/ubuntu/storage/dlio_benchmark/src/utils/statscounter.py:243]
[INFO] 2023-04-04T11:34:42.603492 Rank 0 step 6 processed 4 samples in 1.363478660583496 s [/home/ubuntu/storage/dlio_benchmark/src/utils/statscounter.py:243]
[INFO] 2023-04-04T11:34:42.603717 Maximum number of steps reached [/home/ubuntu/storage/dlio_benchmark/src/dlio_benchmark.py:247]
[INFO] 2023-04-04T11:34:42.604001 Ending block 1 - 6 steps completed in 9.54 s [/home/ubuntu/storage/dlio_benchmark/src/utils/statscounter.py:200]
[INFO] 2023-04-04T11:34:42.606224 Epoch 1 - Block 1 [Training] Accelerator Utilization (%): 99.7846 [/home/ubuntu/storage/dlio_benchmark/src/utils/statscounter.py:203]
[INFO] 2023-04-04T11:34:42.606298 Epoch 1 - Block 1 [Training] Throughput (samples/second): 5.0324 [/home/ubuntu/storage/dlio_benchmark/src/utils/statscounter.py:204]
[INFO] 2023-04-04T11:34:42.618108 Ending epoch 1 - 6 steps completed in 9.55 s [/home/ubuntu/storage/dlio_benchmark/src/utils/statscounter.py:143]
[INFO] 2023-04-04T11:34:42.618637 Starting epoch 2: 6 steps expected [/home/ubuntu/storage/dlio_benchmark/src/utils/statscounter.py:116]
[INFO] 2023-04-04T11:34:42.618790 Prefetch size is 0; a default prefetch factor of 2 will be set to Torch DataLoader. [/home/ubuntu/storage/dlio_benchmark/src/reader/torch_data_loader_reader.py:123]
[INFO] 2023-04-04T11:34:42.618941 Starting block 1 [/home/ubuntu/storage/dlio_benchmark/src/utils/statscounter.py:182]
[INFO] 2023-04-04T11:34:45.696854 Rank 1 step 1 processed 4 samples in 3.0779523849487305 s [/home/ubuntu/storage/dlio_benchmark/src/utils/statscounter.py:243]
[INFO] 2023-04-04T11:34:45.696842 Rank 0 step 1 processed 4 samples in 3.077820062637329 s [/home/ubuntu/storage/dlio_benchmark/src/utils/statscounter.py:243]
[INFO] 2023-04-04T11:34:47.059586 Rank 1 step 2 processed 4 samples in 1.362370491027832 s [/home/ubuntu/storage/dlio_benchmark/src/utils/statscounter.py:243]
[INFO] 2023-04-04T11:34:47.059586 Rank 0 step 2 processed 4 samples in 1.3624062538146973 s [/home/ubuntu/storage/dlio_benchmark/src/utils/statscounter.py:243]
[INFO] 2023-04-04T11:34:48.422260 Rank 0 step 3 processed 4 samples in 1.3624439239501953 s [/home/ubuntu/storage/dlio_benchmark/src/utils/statscounter.py:243]
[INFO] 2023-04-04T11:34:48.422261 Rank 1 step 3 processed 4 samples in 1.3624053001403809 s [/home/ubuntu/storage/dlio_benchmark/src/utils/statscounter.py:243]
[INFO] 2023-04-04T11:34:49.786025 Rank 0 step 4 processed 4 samples in 1.3635263442993164 s [/home/ubuntu/storage/dlio_benchmark/src/utils/statscounter.py:243]
[INFO] 2023-04-04T11:34:49.786026 Rank 1 step 4 processed 4 samples in 1.3635261058807373 s [/home/ubuntu/storage/dlio_benchmark/src/utils/statscounter.py:243]
[INFO] 2023-04-04T11:34:51.149814 Rank 1 step 5 processed 4 samples in 1.3635599613189697 s [/home/ubuntu/storage/dlio_benchmark/src/utils/statscounter.py:243]
[INFO] 2023-04-04T11:34:51.149811 Rank 0 step 5 processed 4 samples in 1.3635225296020508 s [/home/ubuntu/storage/dlio_benchmark/src/utils/statscounter.py:243]
[INFO] 2023-04-04T11:34:52.513537 Rank 0 step 6 processed 4 samples in 1.3634915351867676 s [/home/ubuntu/storage/dlio_benchmark/src/utils/statscounter.py:243]
[INFO] 2023-04-04T11:34:52.513539 Rank 1 step 6 processed 4 samples in 1.3634488582611084 s [/home/ubuntu/storage/dlio_benchmark/src/utils/statscounter.py:243]
[INFO] 2023-04-04T11:34:52.513808 Maximum number of steps reached [/home/ubuntu/storage/dlio_benchmark/src/dlio_benchmark.py:247]
[INFO] 2023-04-04T11:34:52.514032 Ending block 1 - 6 steps completed in 9.90 s [/home/ubuntu/storage/dlio_benchmark/src/utils/statscounter.py:200]
[INFO] 2023-04-04T11:34:52.515107 Epoch 2 - Block 1 [Training] Accelerator Utilization (%): 99.7777 [/home/ubuntu/storage/dlio_benchmark/src/utils/statscounter.py:203]
[INFO] 2023-04-04T11:34:52.515176 Epoch 2 - Block 1 [Training] Throughput (samples/second): 4.8510 [/home/ubuntu/storage/dlio_benchmark/src/utils/statscounter.py:204]
[INFO] 2023-04-04T11:34:52.527460 Ending epoch 2 - 6 steps completed in 9.91 s [/home/ubuntu/storage/dlio_benchmark/src/utils/statscounter.py:143]
[INFO] 2023-04-04T11:34:52.531471 Starting epoch 3: 6 steps expected [/home/ubuntu/storage/dlio_benchmark/src/utils/statscounter.py:116]
[INFO] 2023-04-04T11:34:52.531620 Prefetch size is 0; a default prefetch factor of 2 will be set to Torch DataLoader. [/home/ubuntu/storage/dlio_benchmark/src/reader/torch_data_loader_reader.py:123]
[INFO] 2023-04-04T11:34:52.531756 Starting block 1 [/home/ubuntu/storage/dlio_benchmark/src/utils/statscounter.py:182]
[INFO] 2023-04-04T11:34:55.459145 Rank 1 step 1 processed 4 samples in 2.927459955215454 s [/home/ubuntu/storage/dlio_benchmark/src/utils/statscounter.py:243]
[INFO] 2023-04-04T11:34:55.459151 Rank 0 step 1 processed 4 samples in 2.9273269176483154 s [/home/ubuntu/storage/dlio_benchmark/src/utils/statscounter.py:243]
[INFO] 2023-04-04T11:34:56.825024 Rank 1 step 2 processed 4 samples in 1.3655331134796143 s [/home/ubuntu/storage/dlio_benchmark/src/utils/statscounter.py:243]
[INFO] 2023-04-04T11:34:56.825024 Rank 0 step 2 processed 4 samples in 1.3655269145965576 s [/home/ubuntu/storage/dlio_benchmark/src/utils/statscounter.py:243]
[INFO] 2023-04-04T11:34:58.187662 Rank 1 step 3 processed 4 samples in 1.362410068511963 s [/home/ubuntu/storage/dlio_benchmark/src/utils/statscounter.py:243]
[INFO] 2023-04-04T11:34:58.187662 Rank 0 step 3 processed 4 samples in 1.3624062538146973 s [/home/ubuntu/storage/dlio_benchmark/src/utils/statscounter.py:243]
[INFO] 2023-04-04T11:34:59.550421 Rank 1 step 4 processed 4 samples in 1.362372636795044 s [/home/ubuntu/storage/dlio_benchmark/src/utils/statscounter.py:243]
[INFO] 2023-04-04T11:34:59.550421 Rank 0 step 4 processed 4 samples in 1.3625235557556152 s [/home/ubuntu/storage/dlio_benchmark/src/utils/statscounter.py:243]
[INFO] 2023-04-04T11:35:00.915381 Rank 1 step 5 processed 4 samples in 1.3645479679107666 s [/home/ubuntu/storage/dlio_benchmark/src/utils/statscounter.py:243]
[INFO] 2023-04-04T11:35:00.915381 Rank 0 step 5 processed 4 samples in 1.3647093772888184 s [/home/ubuntu/storage/dlio_benchmark/src/utils/statscounter.py:243]
[INFO] 2023-04-04T11:35:02.279031 Rank 0 step 6 processed 4 samples in 1.3634099960327148 s [/home/ubuntu/storage/dlio_benchmark/src/utils/statscounter.py:243]
[INFO] 2023-04-04T11:35:02.279031 Rank 1 step 6 processed 4 samples in 1.36326003074646 s [/home/ubuntu/storage/dlio_benchmark/src/utils/statscounter.py:243]
[INFO] 2023-04-04T11:35:02.279437 Maximum number of steps reached [/home/ubuntu/storage/dlio_benchmark/src/dlio_benchmark.py:247]
[INFO] 2023-04-04T11:35:02.279709 Ending block 1 - 6 steps completed in 9.75 s [/home/ubuntu/storage/dlio_benchmark/src/utils/statscounter.py:200]
[INFO] 2023-04-04T11:35:02.283506 Epoch 3 - Block 1 [Training] Accelerator Utilization (%): 99.7284 [/home/ubuntu/storage/dlio_benchmark/src/utils/statscounter.py:203]
[INFO] 2023-04-04T11:35:02.283583 Epoch 3 - Block 1 [Training] Throughput (samples/second): 4.9242 [/home/ubuntu/storage/dlio_benchmark/src/utils/statscounter.py:204]
[INFO] 2023-04-04T11:35:02.293057 Ending epoch 3 - 6 steps completed in 9.76 s [/home/ubuntu/storage/dlio_benchmark/src/utils/statscounter.py:143]
[INFO] 2023-04-04T11:35:02.295691 Starting epoch 4: 6 steps expected [/home/ubuntu/storage/dlio_benchmark/src/utils/statscounter.py:116]
[INFO] 2023-04-04T11:35:02.295918 Prefetch size is 0; a default prefetch factor of 2 will be set to Torch DataLoader. [/home/ubuntu/storage/dlio_benchmark/src/reader/torch_data_loader_reader.py:123]
[INFO] 2023-04-04T11:35:02.296079 Starting block 1 [/home/ubuntu/storage/dlio_benchmark/src/utils/statscounter.py:182]
[INFO] 2023-04-04T11:35:05.274783 Rank 1 step 1 processed 4 samples in 2.978868007659912 s [/home/ubuntu/storage/dlio_benchmark/src/utils/statscounter.py:243]
[INFO] 2023-04-04T11:35:05.274796 Rank 0 step 1 processed 4 samples in 2.9786345958709717 s [/home/ubuntu/storage/dlio_benchmark/src/utils/statscounter.py:243]
[INFO] 2023-04-04T11:35:06.639598 Rank 1 step 2 processed 4 samples in 1.3644330501556396 s [/home/ubuntu/storage/dlio_benchmark/src/utils/statscounter.py:243]
[INFO] 2023-04-04T11:35:06.639597 Rank 0 step 2 processed 4 samples in 1.364380121231079 s [/home/ubuntu/storage/dlio_benchmark/src/utils/statscounter.py:243]
[INFO] 2023-04-04T11:35:08.003499 Rank 1 step 3 processed 4 samples in 1.3635754585266113 s [/home/ubuntu/storage/dlio_benchmark/src/utils/statscounter.py:243]
[INFO] 2023-04-04T11:35:08.003499 Rank 0 step 3 processed 4 samples in 1.3636674880981445 s [/home/ubuntu/storage/dlio_benchmark/src/utils/statscounter.py:243]
[INFO] 2023-04-04T11:35:09.366264 Rank 0 step 4 processed 4 samples in 1.362518072128296 s [/home/ubuntu/storage/dlio_benchmark/src/utils/statscounter.py:243]
[INFO] 2023-04-04T11:35:09.366267 Rank 1 step 4 processed 4 samples in 1.3624353408813477 s [/home/ubuntu/storage/dlio_benchmark/src/utils/statscounter.py:243]
[INFO] 2023-04-04T11:35:10.731331 Rank 0 step 5 processed 4 samples in 1.364802360534668 s [/home/ubuntu/storage/dlio_benchmark/src/utils/statscounter.py:243]
[INFO] 2023-04-04T11:35:10.731334 Rank 1 step 5 processed 4 samples in 1.3648333549499512 s [/home/ubuntu/storage/dlio_benchmark/src/utils/statscounter.py:243]
[INFO] 2023-04-04T11:35:12.094984 Rank 1 step 6 processed 4 samples in 1.3633079528808594 s [/home/ubuntu/storage/dlio_benchmark/src/utils/statscounter.py:243]
[INFO] 2023-04-04T11:35:12.094984 Rank 0 step 6 processed 4 samples in 1.3634052276611328 s [/home/ubuntu/storage/dlio_benchmark/src/utils/statscounter.py:243]
[INFO] 2023-04-04T11:35:12.095195 Maximum number of steps reached [/home/ubuntu/storage/dlio_benchmark/src/dlio_benchmark.py:247]
[INFO] 2023-04-04T11:35:12.095463 Ending block 1 - 6 steps completed in 9.80 s [/home/ubuntu/storage/dlio_benchmark/src/utils/statscounter.py:200]
[INFO] 2023-04-04T11:35:12.096971 Epoch 4 - Block 1 [Training] Accelerator Utilization (%): 99.7266 [/home/ubuntu/storage/dlio_benchmark/src/utils/statscounter.py:203]
[INFO] 2023-04-04T11:35:12.097044 Epoch 4 - Block 1 [Training] Throughput (samples/second): 4.8983 [/home/ubuntu/storage/dlio_benchmark/src/utils/statscounter.py:204]
[INFO] 2023-04-04T11:35:12.108367 Ending epoch 4 - 6 steps completed in 9.81 s [/home/ubuntu/storage/dlio_benchmark/src/utils/statscounter.py:143]
[INFO] 2023-04-04T11:35:12.108982 Starting epoch 5: 6 steps expected [/home/ubuntu/storage/dlio_benchmark/src/utils/statscounter.py:116]
[INFO] 2023-04-04T11:35:12.109142 Prefetch size is 0; a default prefetch factor of 2 will be set to Torch DataLoader. [/home/ubuntu/storage/dlio_benchmark/src/reader/torch_data_loader_reader.py:123]
[INFO] 2023-04-04T11:35:12.109294 Starting block 1 [/home/ubuntu/storage/dlio_benchmark/src/utils/statscounter.py:182]
[INFO] 2023-04-04T11:35:14.898222 Rank 1 step 1 processed 4 samples in 2.7889163494110107 s [/home/ubuntu/storage/dlio_benchmark/src/utils/statscounter.py:243]
[INFO] 2023-04-04T11:35:14.898236 Rank 0 step 1 processed 4 samples in 2.788856029510498 s [/home/ubuntu/storage/dlio_benchmark/src/utils/statscounter.py:243]
[INFO] 2023-04-04T11:35:16.263244 Rank 0 step 2 processed 4 samples in 1.3646190166473389 s [/home/ubuntu/storage/dlio_benchmark/src/utils/statscounter.py:243]
[INFO] 2023-04-04T11:35:16.263247 Rank 1 step 2 processed 4 samples in 1.364673137664795 s [/home/ubuntu/storage/dlio_benchmark/src/utils/statscounter.py:243]
[INFO] 2023-04-04T11:35:17.625953 Rank 0 step 3 processed 4 samples in 1.3624217510223389 s [/home/ubuntu/storage/dlio_benchmark/src/utils/statscounter.py:243]
[INFO] 2023-04-04T11:35:17.625954 Rank 1 step 3 processed 4 samples in 1.3624753952026367 s [/home/ubuntu/storage/dlio_benchmark/src/utils/statscounter.py:243]
[INFO] 2023-04-04T11:35:18.988656 Rank 0 step 4 processed 4 samples in 1.3624286651611328 s [/home/ubuntu/storage/dlio_benchmark/src/utils/statscounter.py:243]
[INFO] 2023-04-04T11:35:18.988673 Rank 1 step 4 processed 4 samples in 1.362499713897705 s [/home/ubuntu/storage/dlio_benchmark/src/utils/statscounter.py:243]
[INFO] 2023-04-04T11:35:20.353432 Rank 0 step 5 processed 4 samples in 1.3644917011260986 s [/home/ubuntu/storage/dlio_benchmark/src/utils/statscounter.py:243]
[INFO] 2023-04-04T11:35:20.353438 Rank 1 step 5 processed 4 samples in 1.3645484447479248 s [/home/ubuntu/storage/dlio_benchmark/src/utils/statscounter.py:243]
[INFO] 2023-04-04T11:35:21.717122 Rank 1 step 6 processed 4 samples in 1.3634603023529053 s [/home/ubuntu/storage/dlio_benchmark/src/utils/statscounter.py:243]
[INFO] 2023-04-04T11:35:21.717122 Rank 0 step 6 processed 4 samples in 1.3634026050567627 s [/home/ubuntu/storage/dlio_benchmark/src/utils/statscounter.py:243]
[INFO] 2023-04-04T11:35:21.717353 Maximum number of steps reached [/home/ubuntu/storage/dlio_benchmark/src/dlio_benchmark.py:247]
[INFO] 2023-04-04T11:35:21.717725 Ending block 1 - 6 steps completed in 9.61 s [/home/ubuntu/storage/dlio_benchmark/src/utils/statscounter.py:200]
[INFO] 2023-04-04T11:35:21.719265 Epoch 5 - Block 1 [Training] Accelerator Utilization (%): 99.7442 [/home/ubuntu/storage/dlio_benchmark/src/utils/statscounter.py:203]
[INFO] 2023-04-04T11:35:21.719364 Epoch 5 - Block 1 [Training] Throughput (samples/second): 4.9957 [/home/ubuntu/storage/dlio_benchmark/src/utils/statscounter.py:204]
[INFO] 2023-04-04T11:35:21.738317 Starting checkpoint 1 after total step 6 for epoch 5 [/home/ubuntu/storage/dlio_benchmark/src/utils/statscounter.py:209]
[INFO] 2023-04-04T11:35:22.476957 Ending checkpoint 1 for epoch 5 [/home/ubuntu/storage/dlio_benchmark/src/utils/statscounter.py:219]
[INFO] 2023-04-04T11:35:22.477854 Ending epoch 5 - 6 steps completed in 10.37 s [/home/ubuntu/storage/dlio_benchmark/src/utils/statscounter.py:143]
[INFO] 2023-04-04T11:35:22.478871 Saved outputs in /home/ubuntu/storage/results/unet3d/2023-04-04-11-34-32 [/home/ubuntu/storage/dlio_benchmark/src/utils/statscounter.py:98]
[INFO] Averaged metric over all epochs
[METRIC] ==========================================================
[METRIC] Training Accelerator Utilization (%): 99.6994 (0.1148)
[METRIC] Training Throughput (samples/second): 4.9384 (0.0641)
[METRIC] Training I/O Throughput (MB/second): 1104.6945 (14.3430)
[METRIC] ==========================================================
 [/home/ubuntu/storage/dlio_benchmark/src/utils/statscounter.py:109]
