[INFO] 2023-04-04T11:33:38.360283 Running DLIO with 3 process(es) [/home/ubuntu/storage/dlio_benchmark/src/dlio_benchmark.py:104]
[INFO] 2023-04-04T11:33:38.360440 Reading workload YAML config file '/home/ubuntu/storage/storage-conf/workload/unet3d.yaml' [/home/ubuntu/storage/dlio_benchmark/src/dlio_benchmark.py:106]
[INFO] 2023-04-04T11:33:38.422667 Max steps per epoch: 4 = 1 * 50 / 4 / 3 (samples per file * num files / batch size / comm size) [/home/ubuntu/storage/dlio_benchmark/src/dlio_benchmark.py:274]
[INFO] 2023-04-04T11:33:38.422798 Starting epoch 1: 4 steps expected [/home/ubuntu/storage/dlio_benchmark/src/utils/statscounter.py:116]
[INFO] 2023-04-04T11:33:38.422915 Prefetch size is 0; a default prefetch factor of 2 will be set to Torch DataLoader. [/home/ubuntu/storage/dlio_benchmark/src/reader/torch_data_loader_reader.py:123]
[INFO] 2023-04-04T11:33:38.423108 Starting block 1 [/home/ubuntu/storage/dlio_benchmark/src/utils/statscounter.py:182]
[INFO] 2023-04-04T11:33:42.007008 Rank 2 step 1 processed 4 samples in 3.584043502807617 s [/home/ubuntu/storage/dlio_benchmark/src/utils/statscounter.py:243]
[INFO] 2023-04-04T11:33:42.007022 Rank 0 step 1 processed 4 samples in 3.5838375091552734 s [/home/ubuntu/storage/dlio_benchmark/src/utils/statscounter.py:243]
[INFO] 2023-04-04T11:33:42.007027 Rank 1 step 1 processed 4 samples in 3.5840017795562744 s [/home/ubuntu/storage/dlio_benchmark/src/utils/statscounter.py:243]
[INFO] 2023-04-04T11:33:43.372383 Rank 0 step 2 processed 4 samples in 1.3649444580078125 s [/home/ubuntu/storage/dlio_benchmark/src/utils/statscounter.py:243]
[INFO] 2023-04-04T11:33:43.372383 Rank 2 step 2 processed 4 samples in 1.3649451732635498 s [/home/ubuntu/storage/dlio_benchmark/src/utils/statscounter.py:243]
[INFO] 2023-04-04T11:33:43.372383 Rank 1 step 2 processed 4 samples in 1.3649275302886963 s [/home/ubuntu/storage/dlio_benchmark/src/utils/statscounter.py:243]
[INFO] 2023-04-04T11:33:44.736968 Rank 2 step 3 processed 4 samples in 1.364361047744751 s [/home/ubuntu/storage/dlio_benchmark/src/utils/statscounter.py:243]
[INFO] 2023-04-04T11:33:44.736969 Rank 1 step 3 processed 4 samples in 1.3643546104431152 s [/home/ubuntu/storage/dlio_benchmark/src/utils/statscounter.py:243]
[INFO] 2023-04-04T11:33:44.736969 Rank 0 step 3 processed 4 samples in 1.3643615245819092 s [/home/ubuntu/storage/dlio_benchmark/src/utils/statscounter.py:243]
[INFO] 2023-04-04T11:33:46.099705 Rank 1 step 4 processed 4 samples in 1.362499475479126 s [/home/ubuntu/storage/dlio_benchmark/src/utils/statscounter.py:243]
[INFO] 2023-04-04T11:33:46.099705 Rank 0 step 4 processed 4 samples in 1.3624992370605469 s [/home/ubuntu/storage/dlio_benchmark/src/utils/statscounter.py:243]
[INFO] 2023-04-04T11:33:46.099705 Rank 2 step 4 processed 4 samples in 1.3625051975250244 s [/home/ubuntu/storage/dlio_benchmark/src/utils/statscounter.py:243]
[INFO] 2023-04-04T11:33:46.099912 Maximum number of steps reached [/home/ubuntu/storage/dlio_benchmark/src/dlio_benchmark.py:247]
[INFO] 2023-04-04T11:33:46.100151 Ending block 1 - 4 steps completed in 7.68 s [/home/ubuntu/storage/dlio_benchmark/src/utils/statscounter.py:200]
[INFO] 2023-04-04T11:33:46.102270 Epoch 1 - Block 1 [Training] Accelerator Utilization (%): 99.7102 [/home/ubuntu/storage/dlio_benchmark/src/utils/statscounter.py:203]
[INFO] 2023-04-04T11:33:46.102339 Epoch 1 - Block 1 [Training] Throughput (samples/second): 6.2526 [/home/ubuntu/storage/dlio_benchmark/src/utils/statscounter.py:204]
[INFO] 2023-04-04T11:33:46.117167 Ending epoch 1 - 4 steps completed in 7.69 s [/home/ubuntu/storage/dlio_benchmark/src/utils/statscounter.py:143]
[INFO] 2023-04-04T11:33:46.118527 Starting epoch 2: 4 steps expected [/home/ubuntu/storage/dlio_benchmark/src/utils/statscounter.py:116]
[INFO] 2023-04-04T11:33:46.118648 Prefetch size is 0; a default prefetch factor of 2 will be set to Torch DataLoader. [/home/ubuntu/storage/dlio_benchmark/src/reader/torch_data_loader_reader.py:123]
[INFO] 2023-04-04T11:33:46.118793 Starting block 1 [/home/ubuntu/storage/dlio_benchmark/src/utils/statscounter.py:182]
[INFO] 2023-04-04T11:33:49.964646 Rank 2 step 1 processed 4 samples in 3.8458287715911865 s [/home/ubuntu/storage/dlio_benchmark/src/utils/statscounter.py:243]
[INFO] 2023-04-04T11:33:49.964652 Rank 1 step 1 processed 4 samples in 3.845876932144165 s [/home/ubuntu/storage/dlio_benchmark/src/utils/statscounter.py:243]
[INFO] 2023-04-04T11:33:49.964654 Rank 0 step 1 processed 4 samples in 3.84578537940979 s [/home/ubuntu/storage/dlio_benchmark/src/utils/statscounter.py:243]
[INFO] 2023-04-04T11:33:51.327454 Rank 0 step 2 processed 4 samples in 1.36244535446167 s [/home/ubuntu/storage/dlio_benchmark/src/utils/statscounter.py:243]
[INFO] 2023-04-04T11:33:51.327453 Rank 1 step 2 processed 4 samples in 1.362442970275879 s [/home/ubuntu/storage/dlio_benchmark/src/utils/statscounter.py:243]
[INFO] 2023-04-04T11:33:51.327454 Rank 2 step 2 processed 4 samples in 1.3624584674835205 s [/home/ubuntu/storage/dlio_benchmark/src/utils/statscounter.py:243]
[INFO] 2023-04-04T11:33:52.690235 Rank 1 step 3 processed 4 samples in 1.3625435829162598 s [/home/ubuntu/storage/dlio_benchmark/src/utils/statscounter.py:243]
[INFO] 2023-04-04T11:33:52.690236 Rank 0 step 3 processed 4 samples in 1.3624827861785889 s [/home/ubuntu/storage/dlio_benchmark/src/utils/statscounter.py:243]
[INFO] 2023-04-04T11:33:52.690235 Rank 2 step 3 processed 4 samples in 1.3625328540802002 s [/home/ubuntu/storage/dlio_benchmark/src/utils/statscounter.py:243]
[INFO] 2023-04-04T11:33:54.053977 Rank 1 step 4 processed 4 samples in 1.3634514808654785 s [/home/ubuntu/storage/dlio_benchmark/src/utils/statscounter.py:243]
[INFO] 2023-04-04T11:33:54.053978 Rank 2 step 4 processed 4 samples in 1.36350417137146 s [/home/ubuntu/storage/dlio_benchmark/src/utils/statscounter.py:243]
[INFO] 2023-04-04T11:33:54.053978 Rank 0 step 4 processed 4 samples in 1.3635106086730957 s [/home/ubuntu/storage/dlio_benchmark/src/utils/statscounter.py:243]
[INFO] 2023-04-04T11:33:54.054214 Maximum number of steps reached [/home/ubuntu/storage/dlio_benchmark/src/dlio_benchmark.py:247]
[INFO] 2023-04-04T11:33:54.054468 Ending block 1 - 4 steps completed in 7.94 s [/home/ubuntu/storage/dlio_benchmark/src/utils/statscounter.py:200]
[INFO] 2023-04-04T11:33:54.055684 Epoch 2 - Block 1 [Training] Accelerator Utilization (%): 99.7913 [/home/ubuntu/storage/dlio_benchmark/src/utils/statscounter.py:203]
[INFO] 2023-04-04T11:33:54.055747 Epoch 2 - Block 1 [Training] Throughput (samples/second): 6.0488 [/home/ubuntu/storage/dlio_benchmark/src/utils/statscounter.py:204]
[INFO] 2023-04-04T11:33:54.068804 Ending epoch 2 - 4 steps completed in 7.95 s [/home/ubuntu/storage/dlio_benchmark/src/utils/statscounter.py:143]
[INFO] 2023-04-04T11:33:54.069366 Starting epoch 3: 4 steps expected [/home/ubuntu/storage/dlio_benchmark/src/utils/statscounter.py:116]
[INFO] 2023-04-04T11:33:54.069515 Prefetch size is 0; a default prefetch factor of 2 will be set to Torch DataLoader. [/home/ubuntu/storage/dlio_benchmark/src/reader/torch_data_loader_reader.py:123]
[INFO] 2023-04-04T11:33:54.069661 Starting block 1 [/home/ubuntu/storage/dlio_benchmark/src/utils/statscounter.py:182]
[INFO] 2023-04-04T11:33:57.413776 Rank 1 step 1 processed 4 samples in 3.344187021255493 s [/home/ubuntu/storage/dlio_benchmark/src/utils/statscounter.py:243]
[INFO] 2023-04-04T11:33:57.413783 Rank 0 step 1 processed 4 samples in 3.344045639038086 s [/home/ubuntu/storage/dlio_benchmark/src/utils/statscounter.py:243]
[INFO] 2023-04-04T11:33:57.413806 Rank 2 step 1 processed 4 samples in 3.3441686630249023 s [/home/ubuntu/storage/dlio_benchmark/src/utils/statscounter.py:243]
[INFO] 2023-04-04T11:33:58.779916 Rank 1 step 2 processed 4 samples in 1.365807056427002 s [/home/ubuntu/storage/dlio_benchmark/src/utils/statscounter.py:243]
[INFO] 2023-04-04T11:33:58.779919 Rank 0 step 2 processed 4 samples in 1.3657805919647217 s [/home/ubuntu/storage/dlio_benchmark/src/utils/statscounter.py:243]
[INFO] 2023-04-04T11:33:58.779918 Rank 2 step 2 processed 4 samples in 1.3657042980194092 s [/home/ubuntu/storage/dlio_benchmark/src/utils/statscounter.py:243]
[INFO] 2023-04-04T11:34:00.142590 Rank 1 step 3 processed 4 samples in 1.3624634742736816 s [/home/ubuntu/storage/dlio_benchmark/src/utils/statscounter.py:243]
[INFO] 2023-04-04T11:34:00.142590 Rank 0 step 3 processed 4 samples in 1.362457036972046 s [/home/ubuntu/storage/dlio_benchmark/src/utils/statscounter.py:243]
[INFO] 2023-04-04T11:34:00.142626 Rank 2 step 3 processed 4 samples in 1.3624796867370605 s [/home/ubuntu/storage/dlio_benchmark/src/utils/statscounter.py:243]
[INFO] 2023-04-04T11:34:01.506996 Rank 1 step 4 processed 4 samples in 1.3641021251678467 s [/home/ubuntu/storage/dlio_benchmark/src/utils/statscounter.py:243]
[INFO] 2023-04-04T11:34:01.506997 Rank 0 step 4 processed 4 samples in 1.364168643951416 s [/home/ubuntu/storage/dlio_benchmark/src/utils/statscounter.py:243]
[INFO] 2023-04-04T11:34:01.506998 Rank 2 step 4 processed 4 samples in 1.3640291690826416 s [/home/ubuntu/storage/dlio_benchmark/src/utils/statscounter.py:243]
[INFO] 2023-04-04T11:34:01.507212 Maximum number of steps reached [/home/ubuntu/storage/dlio_benchmark/src/dlio_benchmark.py:247]
[INFO] 2023-04-04T11:34:01.515186 Ending block 1 - 4 steps completed in 7.45 s [/home/ubuntu/storage/dlio_benchmark/src/utils/statscounter.py:200]
[INFO] 2023-04-04T11:34:01.516375 Epoch 3 - Block 1 [Training] Accelerator Utilization (%): 99.5078 [/home/ubuntu/storage/dlio_benchmark/src/utils/statscounter.py:203]
[INFO] 2023-04-04T11:34:01.516445 Epoch 3 - Block 1 [Training] Throughput (samples/second): 6.4470 [/home/ubuntu/storage/dlio_benchmark/src/utils/statscounter.py:204]
[INFO] 2023-04-04T11:34:01.538315 Ending epoch 3 - 4 steps completed in 7.47 s [/home/ubuntu/storage/dlio_benchmark/src/utils/statscounter.py:143]
[INFO] 2023-04-04T11:34:01.538969 Starting epoch 4: 4 steps expected [/home/ubuntu/storage/dlio_benchmark/src/utils/statscounter.py:116]
[INFO] 2023-04-04T11:34:01.539146 Prefetch size is 0; a default prefetch factor of 2 will be set to Torch DataLoader. [/home/ubuntu/storage/dlio_benchmark/src/reader/torch_data_loader_reader.py:123]
[INFO] 2023-04-04T11:34:01.539323 Starting block 1 [/home/ubuntu/storage/dlio_benchmark/src/utils/statscounter.py:182]
[INFO] 2023-04-04T11:34:05.109391 Rank 1 step 1 processed 4 samples in 3.5701754093170166 s [/home/ubuntu/storage/dlio_benchmark/src/utils/statscounter.py:243]
[INFO] 2023-04-04T11:34:05.109385 Rank 2 step 1 processed 4 samples in 3.570115804672241 s [/home/ubuntu/storage/dlio_benchmark/src/utils/statscounter.py:243]
[INFO] 2023-04-04T11:34:05.109389 Rank 0 step 1 processed 4 samples in 3.569984197616577 s [/home/ubuntu/storage/dlio_benchmark/src/utils/statscounter.py:243]
[INFO] 2023-04-04T11:34:06.474916 Rank 2 step 2 processed 4 samples in 1.3651888370513916 s [/home/ubuntu/storage/dlio_benchmark/src/utils/statscounter.py:243]
[INFO] 2023-04-04T11:34:06.474915 Rank 0 step 2 processed 4 samples in 1.365142822265625 s [/home/ubuntu/storage/dlio_benchmark/src/utils/statscounter.py:243]
[INFO] 2023-04-04T11:34:06.474916 Rank 1 step 2 processed 4 samples in 1.3651692867279053 s [/home/ubuntu/storage/dlio_benchmark/src/utils/statscounter.py:243]
[INFO] 2023-04-04T11:34:07.837506 Rank 2 step 3 processed 4 samples in 1.362333059310913 s [/home/ubuntu/storage/dlio_benchmark/src/utils/statscounter.py:243]
[INFO] 2023-04-04T11:34:07.837506 Rank 0 step 3 processed 4 samples in 1.3623809814453125 s [/home/ubuntu/storage/dlio_benchmark/src/utils/statscounter.py:243]
[INFO] 2023-04-04T11:34:07.837505 Rank 1 step 3 processed 4 samples in 1.362375259399414 s [/home/ubuntu/storage/dlio_benchmark/src/utils/statscounter.py:243]
[INFO] 2023-04-04T11:34:09.201266 Rank 0 step 4 processed 4 samples in 1.3635261058807373 s [/home/ubuntu/storage/dlio_benchmark/src/utils/statscounter.py:243]
[INFO] 2023-04-04T11:34:09.201266 Rank 1 step 4 processed 4 samples in 1.3635227680206299 s [/home/ubuntu/storage/dlio_benchmark/src/utils/statscounter.py:243]
[INFO] 2023-04-04T11:34:09.201266 Rank 2 step 4 processed 4 samples in 1.3634834289550781 s [/home/ubuntu/storage/dlio_benchmark/src/utils/statscounter.py:243]
[INFO] 2023-04-04T11:34:09.201530 Maximum number of steps reached [/home/ubuntu/storage/dlio_benchmark/src/dlio_benchmark.py:247]
[INFO] 2023-04-04T11:34:09.201783 Ending block 1 - 4 steps completed in 7.66 s [/home/ubuntu/storage/dlio_benchmark/src/utils/statscounter.py:200]
[INFO] 2023-04-04T11:34:09.203189 Epoch 4 - Block 1 [Training] Accelerator Utilization (%): 99.7279 [/home/ubuntu/storage/dlio_benchmark/src/utils/statscounter.py:203]
[INFO] 2023-04-04T11:34:09.203256 Epoch 4 - Block 1 [Training] Throughput (samples/second): 6.2644 [/home/ubuntu/storage/dlio_benchmark/src/utils/statscounter.py:204]
[INFO] 2023-04-04T11:34:09.224547 Ending epoch 4 - 4 steps completed in 7.69 s [/home/ubuntu/storage/dlio_benchmark/src/utils/statscounter.py:143]
[INFO] 2023-04-04T11:34:09.230824 Starting epoch 5: 4 steps expected [/home/ubuntu/storage/dlio_benchmark/src/utils/statscounter.py:116]
[INFO] 2023-04-04T11:34:09.231038 Prefetch size is 0; a default prefetch factor of 2 will be set to Torch DataLoader. [/home/ubuntu/storage/dlio_benchmark/src/reader/torch_data_loader_reader.py:123]
[INFO] 2023-04-04T11:34:09.231221 Starting block 1 [/home/ubuntu/storage/dlio_benchmark/src/utils/statscounter.py:182]
[INFO] 2023-04-04T11:34:12.513583 Rank 2 step 1 processed 4 samples in 3.282510280609131 s [/home/ubuntu/storage/dlio_benchmark/src/utils/statscounter.py:243]
[INFO] 2023-04-04T11:34:12.513585 Rank 1 step 1 processed 4 samples in 3.2824974060058594 s [/home/ubuntu/storage/dlio_benchmark/src/utils/statscounter.py:243]
[INFO] 2023-04-04T11:34:12.513569 Rank 0 step 1 processed 4 samples in 3.282247304916382 s [/home/ubuntu/storage/dlio_benchmark/src/utils/statscounter.py:243]
[INFO] 2023-04-04T11:34:13.879173 Rank 0 step 2 processed 4 samples in 1.3652329444885254 s [/home/ubuntu/storage/dlio_benchmark/src/utils/statscounter.py:243]
[INFO] 2023-04-04T11:34:13.879170 Rank 2 step 2 processed 4 samples in 1.3651974201202393 s [/home/ubuntu/storage/dlio_benchmark/src/utils/statscounter.py:243]
[INFO] 2023-04-04T11:34:13.879174 Rank 1 step 2 processed 4 samples in 1.365234136581421 s [/home/ubuntu/storage/dlio_benchmark/src/utils/statscounter.py:243]
[INFO] 2023-04-04T11:34:15.243923 Rank 2 step 3 processed 4 samples in 1.3645226955413818 s [/home/ubuntu/storage/dlio_benchmark/src/utils/statscounter.py:243]
[INFO] 2023-04-04T11:34:15.243924 Rank 0 step 3 processed 4 samples in 1.3645274639129639 s [/home/ubuntu/storage/dlio_benchmark/src/utils/statscounter.py:243]
[INFO] 2023-04-04T11:34:15.243924 Rank 1 step 3 processed 4 samples in 1.3645057678222656 s [/home/ubuntu/storage/dlio_benchmark/src/utils/statscounter.py:243]
[INFO] 2023-04-04T11:34:16.606638 Rank 2 step 4 processed 4 samples in 1.3624510765075684 s [/home/ubuntu/storage/dlio_benchmark/src/utils/statscounter.py:243]
[INFO] 2023-04-04T11:34:16.606637 Rank 0 step 4 processed 4 samples in 1.3624956607818604 s [/home/ubuntu/storage/dlio_benchmark/src/utils/statscounter.py:243]
[INFO] 2023-04-04T11:34:16.606642 Rank 1 step 4 processed 4 samples in 1.3624801635742188 s [/home/ubuntu/storage/dlio_benchmark/src/utils/statscounter.py:243]
[INFO] 2023-04-04T11:34:16.606871 Maximum number of steps reached [/home/ubuntu/storage/dlio_benchmark/src/dlio_benchmark.py:247]
[INFO] 2023-04-04T11:34:16.607220 Ending block 1 - 4 steps completed in 7.38 s [/home/ubuntu/storage/dlio_benchmark/src/utils/statscounter.py:200]
[INFO] 2023-04-04T11:34:16.608994 Epoch 5 - Block 1 [Training] Accelerator Utilization (%): 99.6964 [/home/ubuntu/storage/dlio_benchmark/src/utils/statscounter.py:203]
[INFO] 2023-04-04T11:34:16.609105 Epoch 5 - Block 1 [Training] Throughput (samples/second): 6.5077 [/home/ubuntu/storage/dlio_benchmark/src/utils/statscounter.py:204]
[INFO] 2023-04-04T11:34:16.627658 Starting checkpoint 1 after total step 4 for epoch 5 [/home/ubuntu/storage/dlio_benchmark/src/utils/statscounter.py:209]
[INFO] 2023-04-04T11:34:17.379336 Ending checkpoint 1 for epoch 5 [/home/ubuntu/storage/dlio_benchmark/src/utils/statscounter.py:219]
[INFO] 2023-04-04T11:34:17.380344 Ending epoch 5 - 4 steps completed in 8.15 s [/home/ubuntu/storage/dlio_benchmark/src/utils/statscounter.py:143]
[INFO] 2023-04-04T11:34:17.381321 Saved outputs in /home/ubuntu/storage/results/unet3d/2023-04-04-11-33-37 [/home/ubuntu/storage/dlio_benchmark/src/utils/statscounter.py:98]
[INFO] Averaged metric over all epochs
[METRIC] ==========================================================
[METRIC] Training Accelerator Utilization (%): 99.6186 (0.2042)
[METRIC] Training Throughput (samples/second): 6.3015 (0.1587)
[METRIC] Training I/O Throughput (MB/second): 1409.6218 (35.4903)
[METRIC] ==========================================================
 [/home/ubuntu/storage/dlio_benchmark/src/utils/statscounter.py:109]
