[INFO] 2023-04-04T11:37:46.100644 Running DLIO with 2 process(es) [/home/ubuntu/storage/dlio_benchmark/src/dlio_benchmark.py:104]
[INFO] 2023-04-04T11:37:46.100784 Reading workload YAML config file '/home/ubuntu/storage/storage-conf/workload/unet3d.yaml' [/home/ubuntu/storage/dlio_benchmark/src/dlio_benchmark.py:106]
[INFO] 2023-04-04T11:37:46.164586 Max steps per epoch: 6 = 1 * 50 / 4 / 2 (samples per file * num files / batch size / comm size) [/home/ubuntu/storage/dlio_benchmark/src/dlio_benchmark.py:274]
[INFO] 2023-04-04T11:37:46.164705 Starting epoch 1: 6 steps expected [/home/ubuntu/storage/dlio_benchmark/src/utils/statscounter.py:116]
[INFO] 2023-04-04T11:37:46.164826 Prefetch size is 0; a default prefetch factor of 2 will be set to Torch DataLoader. [/home/ubuntu/storage/dlio_benchmark/src/reader/torch_data_loader_reader.py:123]
[INFO] 2023-04-04T11:37:46.165071 Starting block 1 [/home/ubuntu/storage/dlio_benchmark/src/utils/statscounter.py:182]
[INFO] 2023-04-04T11:37:49.199746 Rank 1 step 1 processed 4 samples in 3.0348594188690186 s [/home/ubuntu/storage/dlio_benchmark/src/utils/statscounter.py:243]
[INFO] 2023-04-04T11:37:49.199749 Rank 0 step 1 processed 4 samples in 3.034600019454956 s [/home/ubuntu/storage/dlio_benchmark/src/utils/statscounter.py:243]
[INFO] 2023-04-04T11:37:50.562604 Rank 0 step 2 processed 4 samples in 1.362466812133789 s [/home/ubuntu/storage/dlio_benchmark/src/utils/statscounter.py:243]
[INFO] 2023-04-04T11:37:50.562605 Rank 1 step 2 processed 4 samples in 1.362473964691162 s [/home/ubuntu/storage/dlio_benchmark/src/utils/statscounter.py:243]
[INFO] 2023-04-04T11:37:51.925307 Rank 0 step 3 processed 4 samples in 1.3624529838562012 s [/home/ubuntu/storage/dlio_benchmark/src/utils/statscounter.py:243]
[INFO] 2023-04-04T11:37:51.925307 Rank 1 step 3 processed 4 samples in 1.3624451160430908 s [/home/ubuntu/storage/dlio_benchmark/src/utils/statscounter.py:243]
[INFO] 2023-04-04T11:37:53.289062 Rank 0 step 4 processed 4 samples in 1.3635284900665283 s [/home/ubuntu/storage/dlio_benchmark/src/utils/statscounter.py:243]
[INFO] 2023-04-04T11:37:53.289062 Rank 1 step 4 processed 4 samples in 1.3635308742523193 s [/home/ubuntu/storage/dlio_benchmark/src/utils/statscounter.py:243]
[INFO] 2023-04-04T11:37:54.653412 Rank 0 step 5 processed 4 samples in 1.3641159534454346 s [/home/ubuntu/storage/dlio_benchmark/src/utils/statscounter.py:243]
[INFO] 2023-04-04T11:37:54.653413 Rank 1 step 5 processed 4 samples in 1.3641183376312256 s [/home/ubuntu/storage/dlio_benchmark/src/utils/statscounter.py:243]
[INFO] 2023-04-04T11:37:56.016177 Rank 1 step 6 processed 4 samples in 1.3625133037567139 s [/home/ubuntu/storage/dlio_benchmark/src/utils/statscounter.py:243]
[INFO] 2023-04-04T11:37:56.016177 Rank 0 step 6 processed 4 samples in 1.3625216484069824 s [/home/ubuntu/storage/dlio_benchmark/src/utils/statscounter.py:243]
[INFO] 2023-04-04T11:37:56.016409 Maximum number of steps reached [/home/ubuntu/storage/dlio_benchmark/src/dlio_benchmark.py:247]
[INFO] 2023-04-04T11:37:56.016774 Ending block 1 - 6 steps completed in 9.85 s [/home/ubuntu/storage/dlio_benchmark/src/utils/statscounter.py:200]
[INFO] 2023-04-04T11:37:56.020065 Epoch 1 - Block 1 [Training] Accelerator Utilization (%): 99.7816 [/home/ubuntu/storage/dlio_benchmark/src/utils/statscounter.py:203]
[INFO] 2023-04-04T11:37:56.020144 Epoch 1 - Block 1 [Training] Throughput (samples/second): 4.8724 [/home/ubuntu/storage/dlio_benchmark/src/utils/statscounter.py:204]
[INFO] 2023-04-04T11:37:56.032240 Ending epoch 1 - 6 steps completed in 9.87 s [/home/ubuntu/storage/dlio_benchmark/src/utils/statscounter.py:143]
[INFO] 2023-04-04T11:37:56.032758 Starting epoch 2: 6 steps expected [/home/ubuntu/storage/dlio_benchmark/src/utils/statscounter.py:116]
[INFO] 2023-04-04T11:37:56.032895 Prefetch size is 0; a default prefetch factor of 2 will be set to Torch DataLoader. [/home/ubuntu/storage/dlio_benchmark/src/reader/torch_data_loader_reader.py:123]
[INFO] 2023-04-04T11:37:56.033044 Starting block 1 [/home/ubuntu/storage/dlio_benchmark/src/utils/statscounter.py:182]
[INFO] 2023-04-04T11:37:58.961772 Rank 1 step 1 processed 4 samples in 2.928738832473755 s [/home/ubuntu/storage/dlio_benchmark/src/utils/statscounter.py:243]
[INFO] 2023-04-04T11:37:58.961774 Rank 0 step 1 processed 4 samples in 2.928640127182007 s [/home/ubuntu/storage/dlio_benchmark/src/utils/statscounter.py:243]
[INFO] 2023-04-04T11:38:00.324730 Rank 0 step 2 processed 4 samples in 1.3625731468200684 s [/home/ubuntu/storage/dlio_benchmark/src/utils/statscounter.py:243]
[INFO] 2023-04-04T11:38:00.324729 Rank 1 step 2 processed 4 samples in 1.3625836372375488 s [/home/ubuntu/storage/dlio_benchmark/src/utils/statscounter.py:243]
[INFO] 2023-04-04T11:38:01.687563 Rank 0 step 3 processed 4 samples in 1.3625805377960205 s [/home/ubuntu/storage/dlio_benchmark/src/utils/statscounter.py:243]
[INFO] 2023-04-04T11:38:01.687562 Rank 1 step 3 processed 4 samples in 1.3625504970550537 s [/home/ubuntu/storage/dlio_benchmark/src/utils/statscounter.py:243]
[INFO] 2023-04-04T11:38:03.051312 Rank 1 step 4 processed 4 samples in 1.3635098934173584 s [/home/ubuntu/storage/dlio_benchmark/src/utils/statscounter.py:243]
[INFO] 2023-04-04T11:38:03.051313 Rank 0 step 4 processed 4 samples in 1.3635144233703613 s [/home/ubuntu/storage/dlio_benchmark/src/utils/statscounter.py:243]
[INFO] 2023-04-04T11:38:04.416269 Rank 1 step 5 processed 4 samples in 1.364640235900879 s [/home/ubuntu/storage/dlio_benchmark/src/utils/statscounter.py:243]
[INFO] 2023-04-04T11:38:04.416269 Rank 0 step 5 processed 4 samples in 1.3647098541259766 s [/home/ubuntu/storage/dlio_benchmark/src/utils/statscounter.py:243]
[INFO] 2023-04-04T11:38:05.779960 Rank 1 step 6 processed 4 samples in 1.3633763790130615 s [/home/ubuntu/storage/dlio_benchmark/src/utils/statscounter.py:243]
[INFO] 2023-04-04T11:38:05.779960 Rank 0 step 6 processed 4 samples in 1.363450050354004 s [/home/ubuntu/storage/dlio_benchmark/src/utils/statscounter.py:243]
[INFO] 2023-04-04T11:38:05.780199 Maximum number of steps reached [/home/ubuntu/storage/dlio_benchmark/src/dlio_benchmark.py:247]
[INFO] 2023-04-04T11:38:05.780488 Ending block 1 - 6 steps completed in 9.75 s [/home/ubuntu/storage/dlio_benchmark/src/utils/statscounter.py:200]
[INFO] 2023-04-04T11:38:05.789890 Epoch 2 - Block 1 [Training] Accelerator Utilization (%): 99.7560 [/home/ubuntu/storage/dlio_benchmark/src/utils/statscounter.py:203]
[INFO] 2023-04-04T11:38:05.789974 Epoch 2 - Block 1 [Training] Throughput (samples/second): 4.9245 [/home/ubuntu/storage/dlio_benchmark/src/utils/statscounter.py:204]
[INFO] 2023-04-04T11:38:05.799494 Ending epoch 2 - 6 steps completed in 9.77 s [/home/ubuntu/storage/dlio_benchmark/src/utils/statscounter.py:143]
[INFO] 2023-04-04T11:38:05.800065 Starting epoch 3: 6 steps expected [/home/ubuntu/storage/dlio_benchmark/src/utils/statscounter.py:116]
[INFO] 2023-04-04T11:38:05.800211 Prefetch size is 0; a default prefetch factor of 2 will be set to Torch DataLoader. [/home/ubuntu/storage/dlio_benchmark/src/reader/torch_data_loader_reader.py:123]
[INFO] 2023-04-04T11:38:05.800361 Starting block 1 [/home/ubuntu/storage/dlio_benchmark/src/utils/statscounter.py:182]
[INFO] 2023-04-04T11:38:08.874331 Rank 1 step 1 processed 4 samples in 3.0740268230438232 s [/home/ubuntu/storage/dlio_benchmark/src/utils/statscounter.py:243]
[INFO] 2023-04-04T11:38:08.874333 Rank 0 step 1 processed 4 samples in 3.0738978385925293 s [/home/ubuntu/storage/dlio_benchmark/src/utils/statscounter.py:243]
[INFO] 2023-04-04T11:38:10.239728 Rank 0 step 2 processed 4 samples in 1.3650639057159424 s [/home/ubuntu/storage/dlio_benchmark/src/utils/statscounter.py:243]
[INFO] 2023-04-04T11:38:10.239728 Rank 1 step 2 processed 4 samples in 1.3650739192962646 s [/home/ubuntu/storage/dlio_benchmark/src/utils/statscounter.py:243]
[INFO] 2023-04-04T11:38:11.602528 Rank 1 step 3 processed 4 samples in 1.3625564575195312 s [/home/ubuntu/storage/dlio_benchmark/src/utils/statscounter.py:243]
[INFO] 2023-04-04T11:38:11.602529 Rank 0 step 3 processed 4 samples in 1.3625156879425049 s [/home/ubuntu/storage/dlio_benchmark/src/utils/statscounter.py:243]
[INFO] 2023-04-04T11:38:12.965210 Rank 0 step 4 processed 4 samples in 1.3624248504638672 s [/home/ubuntu/storage/dlio_benchmark/src/utils/statscounter.py:243]
[INFO] 2023-04-04T11:38:12.965209 Rank 1 step 4 processed 4 samples in 1.3623883724212646 s [/home/ubuntu/storage/dlio_benchmark/src/utils/statscounter.py:243]
[INFO] 2023-04-04T11:38:14.329809 Rank 0 step 5 processed 4 samples in 1.3642971515655518 s [/home/ubuntu/storage/dlio_benchmark/src/utils/statscounter.py:243]
[INFO] 2023-04-04T11:38:14.329809 Rank 1 step 5 processed 4 samples in 1.3643410205841064 s [/home/ubuntu/storage/dlio_benchmark/src/utils/statscounter.py:243]
[INFO] 2023-04-04T11:38:15.693447 Rank 1 step 6 processed 4 samples in 1.3634006977081299 s [/home/ubuntu/storage/dlio_benchmark/src/utils/statscounter.py:243]
[INFO] 2023-04-04T11:38:15.693447 Rank 0 step 6 processed 4 samples in 1.3633625507354736 s [/home/ubuntu/storage/dlio_benchmark/src/utils/statscounter.py:243]
[INFO] 2023-04-04T11:38:15.693672 Maximum number of steps reached [/home/ubuntu/storage/dlio_benchmark/src/dlio_benchmark.py:247]
[INFO] 2023-04-04T11:38:15.693894 Ending block 1 - 6 steps completed in 9.89 s [/home/ubuntu/storage/dlio_benchmark/src/utils/statscounter.py:200]
[INFO] 2023-04-04T11:38:15.695473 Epoch 3 - Block 1 [Training] Accelerator Utilization (%): 99.7429 [/home/ubuntu/storage/dlio_benchmark/src/utils/statscounter.py:203]
[INFO] 2023-04-04T11:38:15.695545 Epoch 3 - Block 1 [Training] Throughput (samples/second): 4.8517 [/home/ubuntu/storage/dlio_benchmark/src/utils/statscounter.py:204]
[INFO] 2023-04-04T11:38:15.708767 Ending epoch 3 - 6 steps completed in 9.91 s [/home/ubuntu/storage/dlio_benchmark/src/utils/statscounter.py:143]
[INFO] 2023-04-04T11:38:15.709246 Starting epoch 4: 6 steps expected [/home/ubuntu/storage/dlio_benchmark/src/utils/statscounter.py:116]
[INFO] 2023-04-04T11:38:15.709381 Prefetch size is 0; a default prefetch factor of 2 will be set to Torch DataLoader. [/home/ubuntu/storage/dlio_benchmark/src/reader/torch_data_loader_reader.py:123]
[INFO] 2023-04-04T11:38:15.709520 Starting block 1 [/home/ubuntu/storage/dlio_benchmark/src/utils/statscounter.py:182]
[INFO] 2023-04-04T11:38:18.596375 Rank 1 step 1 processed 4 samples in 2.886873483657837 s [/home/ubuntu/storage/dlio_benchmark/src/utils/statscounter.py:243]
[INFO] 2023-04-04T11:38:18.596379 Rank 0 step 1 processed 4 samples in 2.886786460876465 s [/home/ubuntu/storage/dlio_benchmark/src/utils/statscounter.py:243]
[INFO] 2023-04-04T11:38:19.962272 Rank 0 step 2 processed 4 samples in 1.3655524253845215 s [/home/ubuntu/storage/dlio_benchmark/src/utils/statscounter.py:243]
[INFO] 2023-04-04T11:38:19.962272 Rank 1 step 2 processed 4 samples in 1.3655548095703125 s [/home/ubuntu/storage/dlio_benchmark/src/utils/statscounter.py:243]
[INFO] 2023-04-04T11:38:21.326101 Rank 1 step 3 processed 4 samples in 1.3636014461517334 s [/home/ubuntu/storage/dlio_benchmark/src/utils/statscounter.py:243]
[INFO] 2023-04-04T11:38:21.326102 Rank 0 step 3 processed 4 samples in 1.3635601997375488 s [/home/ubuntu/storage/dlio_benchmark/src/utils/statscounter.py:243]
[INFO] 2023-04-04T11:38:22.688802 Rank 0 step 4 processed 4 samples in 1.3624653816223145 s [/home/ubuntu/storage/dlio_benchmark/src/utils/statscounter.py:243]
[INFO] 2023-04-04T11:38:22.688802 Rank 1 step 4 processed 4 samples in 1.3623902797698975 s [/home/ubuntu/storage/dlio_benchmark/src/utils/statscounter.py:243]
[INFO] 2023-04-04T11:38:24.053129 Rank 0 step 5 processed 4 samples in 1.3640596866607666 s [/home/ubuntu/storage/dlio_benchmark/src/utils/statscounter.py:243]
[INFO] 2023-04-04T11:38:24.053129 Rank 1 step 5 processed 4 samples in 1.3640995025634766 s [/home/ubuntu/storage/dlio_benchmark/src/utils/statscounter.py:243]
[INFO] 2023-04-04T11:38:25.416953 Rank 1 step 6 processed 4 samples in 1.3635780811309814 s [/home/ubuntu/storage/dlio_benchmark/src/utils/statscounter.py:243]
[INFO] 2023-04-04T11:38:25.416953 Rank 0 step 6 processed 4 samples in 1.3635327816009521 s [/home/ubuntu/storage/dlio_benchmark/src/utils/statscounter.py:243]
[INFO] 2023-04-04T11:38:25.417206 Maximum number of steps reached [/home/ubuntu/storage/dlio_benchmark/src/dlio_benchmark.py:247]
[INFO] 2023-04-04T11:38:25.417479 Ending block 1 - 6 steps completed in 9.71 s [/home/ubuntu/storage/dlio_benchmark/src/utils/statscounter.py:200]
[INFO] 2023-04-04T11:38:25.418538 Epoch 4 - Block 1 [Training] Accelerator Utilization (%): 99.7203 [/home/ubuntu/storage/dlio_benchmark/src/utils/statscounter.py:203]
[INFO] 2023-04-04T11:38:25.418613 Epoch 4 - Block 1 [Training] Throughput (samples/second): 4.9445 [/home/ubuntu/storage/dlio_benchmark/src/utils/statscounter.py:204]
[INFO] 2023-04-04T11:38:25.440103 Ending epoch 4 - 6 steps completed in 9.73 s [/home/ubuntu/storage/dlio_benchmark/src/utils/statscounter.py:143]
[INFO] 2023-04-04T11:38:25.440752 Starting epoch 5: 6 steps expected [/home/ubuntu/storage/dlio_benchmark/src/utils/statscounter.py:116]
[INFO] 2023-04-04T11:38:25.440984 Prefetch size is 0; a default prefetch factor of 2 will be set to Torch DataLoader. [/home/ubuntu/storage/dlio_benchmark/src/reader/torch_data_loader_reader.py:123]
[INFO] 2023-04-04T11:38:25.441206 Starting block 1 [/home/ubuntu/storage/dlio_benchmark/src/utils/statscounter.py:182]
[INFO] 2023-04-04T11:38:28.166613 Rank 1 step 1 processed 4 samples in 2.7256197929382324 s [/home/ubuntu/storage/dlio_benchmark/src/utils/statscounter.py:243]
[INFO] 2023-04-04T11:38:28.166616 Rank 0 step 1 processed 4 samples in 2.725292205810547 s [/home/ubuntu/storage/dlio_benchmark/src/utils/statscounter.py:243]
[INFO] 2023-04-04T11:38:29.531750 Rank 1 step 2 processed 4 samples in 1.364767074584961 s [/home/ubuntu/storage/dlio_benchmark/src/utils/statscounter.py:243]
[INFO] 2023-04-04T11:38:29.531753 Rank 0 step 2 processed 4 samples in 1.3647491931915283 s [/home/ubuntu/storage/dlio_benchmark/src/utils/statscounter.py:243]
[INFO] 2023-04-04T11:38:30.895495 Rank 0 step 3 processed 4 samples in 1.3634936809539795 s [/home/ubuntu/storage/dlio_benchmark/src/utils/statscounter.py:243]
[INFO] 2023-04-04T11:38:30.895494 Rank 1 step 3 processed 4 samples in 1.3634698390960693 s [/home/ubuntu/storage/dlio_benchmark/src/utils/statscounter.py:243]
[INFO] 2023-04-04T11:38:32.258180 Rank 1 step 4 processed 4 samples in 1.3624534606933594 s [/home/ubuntu/storage/dlio_benchmark/src/utils/statscounter.py:243]
[INFO] 2023-04-04T11:38:32.258180 Rank 0 step 4 processed 4 samples in 1.3624136447906494 s [/home/ubuntu/storage/dlio_benchmark/src/utils/statscounter.py:243]
[INFO] 2023-04-04T11:38:33.621811 Rank 1 step 5 processed 4 samples in 1.3633227348327637 s [/home/ubuntu/storage/dlio_benchmark/src/utils/statscounter.py:243]
[INFO] 2023-04-04T11:38:33.621811 Rank 0 step 5 processed 4 samples in 1.3633918762207031 s [/home/ubuntu/storage/dlio_benchmark/src/utils/statscounter.py:243]
[INFO] 2023-04-04T11:38:34.985625 Rank 0 step 6 processed 4 samples in 1.3635804653167725 s [/home/ubuntu/storage/dlio_benchmark/src/utils/statscounter.py:243]
[INFO] 2023-04-04T11:38:34.985625 Rank 1 step 6 processed 4 samples in 1.3635046482086182 s [/home/ubuntu/storage/dlio_benchmark/src/utils/statscounter.py:243]
[INFO] 2023-04-04T11:38:34.985892 Maximum number of steps reached [/home/ubuntu/storage/dlio_benchmark/src/dlio_benchmark.py:247]
[INFO] 2023-04-04T11:38:34.986132 Ending block 1 - 6 steps completed in 9.54 s [/home/ubuntu/storage/dlio_benchmark/src/utils/statscounter.py:200]
[INFO] 2023-04-04T11:38:34.987423 Epoch 5 - Block 1 [Training] Accelerator Utilization (%): 99.7430 [/home/ubuntu/storage/dlio_benchmark/src/utils/statscounter.py:203]
[INFO] 2023-04-04T11:38:34.987512 Epoch 5 - Block 1 [Training] Throughput (samples/second): 5.0289 [/home/ubuntu/storage/dlio_benchmark/src/utils/statscounter.py:204]
[INFO] 2023-04-04T11:38:34.999432 Starting checkpoint 1 after total step 6 for epoch 5 [/home/ubuntu/storage/dlio_benchmark/src/utils/statscounter.py:209]
[INFO] 2023-04-04T11:38:36.906182 Ending checkpoint 1 for epoch 5 [/home/ubuntu/storage/dlio_benchmark/src/utils/statscounter.py:219]
[INFO] 2023-04-04T11:38:36.907159 Ending epoch 5 - 6 steps completed in 11.47 s [/home/ubuntu/storage/dlio_benchmark/src/utils/statscounter.py:143]
[INFO] 2023-04-04T11:38:36.908104 Saved outputs in /home/ubuntu/storage/results/unet3d/2023-04-04-11-37-45 [/home/ubuntu/storage/dlio_benchmark/src/utils/statscounter.py:98]
[INFO] Averaged metric over all epochs
[METRIC] ==========================================================
[METRIC] Training Accelerator Utilization (%): 99.7167 (0.0712)
[METRIC] Training Throughput (samples/second): 4.9232 (0.0602)
[METRIC] Training I/O Throughput (MB/second): 1101.2941 (13.4634)
[METRIC] ==========================================================
 [/home/ubuntu/storage/dlio_benchmark/src/utils/statscounter.py:109]
