[INFO] 2023-04-04T11:32:51.063998 Running DLIO with 4 process(es) [/home/ubuntu/storage/dlio_benchmark/src/dlio_benchmark.py:104]
[INFO] 2023-04-04T11:32:51.064147 Reading workload YAML config file '/home/ubuntu/storage/storage-conf/workload/unet3d.yaml' [/home/ubuntu/storage/dlio_benchmark/src/dlio_benchmark.py:106]
[INFO] 2023-04-04T11:32:51.126188 Max steps per epoch: 3 = 1 * 50 / 4 / 4 (samples per file * num files / batch size / comm size) [/home/ubuntu/storage/dlio_benchmark/src/dlio_benchmark.py:274]
[INFO] 2023-04-04T11:32:51.126317 Starting epoch 1: 3 steps expected [/home/ubuntu/storage/dlio_benchmark/src/utils/statscounter.py:116]
[INFO] 2023-04-04T11:32:51.126440 Prefetch size is 0; a default prefetch factor of 2 will be set to Torch DataLoader. [/home/ubuntu/storage/dlio_benchmark/src/reader/torch_data_loader_reader.py:123]
[INFO] 2023-04-04T11:32:51.126646 Starting block 1 [/home/ubuntu/storage/dlio_benchmark/src/utils/statscounter.py:182]
[INFO] 2023-04-04T11:32:54.739804 Rank 0 step 1 processed 4 samples in 3.613088607788086 s [/home/ubuntu/storage/dlio_benchmark/src/utils/statscounter.py:243]
[INFO] 2023-04-04T11:32:54.739814 Rank 1 step 1 processed 4 samples in 3.6132760047912598 s [/home/ubuntu/storage/dlio_benchmark/src/utils/statscounter.py:243]
[INFO] 2023-04-04T11:32:54.739824 Rank 2 step 1 processed 4 samples in 3.6133344173431396 s [/home/ubuntu/storage/dlio_benchmark/src/utils/statscounter.py:243]
[INFO] 2023-04-04T11:32:54.739822 Rank 3 step 1 processed 4 samples in 3.6133148670196533 s [/home/ubuntu/storage/dlio_benchmark/src/utils/statscounter.py:243]
[INFO] 2023-04-04T11:32:56.105106 Rank 3 step 2 processed 4 samples in 1.3648598194122314 s [/home/ubuntu/storage/dlio_benchmark/src/utils/statscounter.py:243]
[INFO] 2023-04-04T11:32:56.105106 Rank 2 step 2 processed 4 samples in 1.3648641109466553 s [/home/ubuntu/storage/dlio_benchmark/src/utils/statscounter.py:243]
[INFO] 2023-04-04T11:32:56.105106 Rank 0 step 2 processed 4 samples in 1.3648927211761475 s [/home/ubuntu/storage/dlio_benchmark/src/utils/statscounter.py:243]
[INFO] 2023-04-04T11:32:56.105106 Rank 1 step 2 processed 4 samples in 1.364881992340088 s [/home/ubuntu/storage/dlio_benchmark/src/utils/statscounter.py:243]
[INFO] 2023-04-04T11:32:57.468891 Rank 2 step 3 processed 4 samples in 1.3635520935058594 s [/home/ubuntu/storage/dlio_benchmark/src/utils/statscounter.py:243]
[INFO] 2023-04-04T11:32:57.468891 Rank 3 step 3 processed 4 samples in 1.3635520935058594 s [/home/ubuntu/storage/dlio_benchmark/src/utils/statscounter.py:243]
[INFO] 2023-04-04T11:32:57.468891 Rank 1 step 3 processed 4 samples in 1.3635289669036865 s [/home/ubuntu/storage/dlio_benchmark/src/utils/statscounter.py:243]
[INFO] 2023-04-04T11:32:57.468891 Rank 0 step 3 processed 4 samples in 1.3635447025299072 s [/home/ubuntu/storage/dlio_benchmark/src/utils/statscounter.py:243]
[INFO] 2023-04-04T11:32:57.469114 Maximum number of steps reached [/home/ubuntu/storage/dlio_benchmark/src/dlio_benchmark.py:247]
[INFO] 2023-04-04T11:32:57.469365 Ending block 1 - 3 steps completed in 6.34 s [/home/ubuntu/storage/dlio_benchmark/src/utils/statscounter.py:200]
[INFO] 2023-04-04T11:32:57.471920 Epoch 1 - Block 1 [Training] Accelerator Utilization (%): 99.6823 [/home/ubuntu/storage/dlio_benchmark/src/utils/statscounter.py:203]
[INFO] 2023-04-04T11:32:57.471992 Epoch 1 - Block 1 [Training] Throughput (samples/second): 7.5680 [/home/ubuntu/storage/dlio_benchmark/src/utils/statscounter.py:204]
[INFO] 2023-04-04T11:32:57.491264 Ending epoch 1 - 3 steps completed in 6.36 s [/home/ubuntu/storage/dlio_benchmark/src/utils/statscounter.py:143]
[INFO] 2023-04-04T11:32:57.491805 Starting epoch 2: 3 steps expected [/home/ubuntu/storage/dlio_benchmark/src/utils/statscounter.py:116]
[INFO] 2023-04-04T11:32:57.491930 Prefetch size is 0; a default prefetch factor of 2 will be set to Torch DataLoader. [/home/ubuntu/storage/dlio_benchmark/src/reader/torch_data_loader_reader.py:123]
[INFO] 2023-04-04T11:32:57.492067 Starting block 1 [/home/ubuntu/storage/dlio_benchmark/src/utils/statscounter.py:182]
[INFO] 2023-04-04T11:33:01.301545 Rank 1 step 1 processed 4 samples in 3.809495210647583 s [/home/ubuntu/storage/dlio_benchmark/src/utils/statscounter.py:243]
[INFO] 2023-04-04T11:33:01.301551 Rank 2 step 1 processed 4 samples in 3.8094723224639893 s [/home/ubuntu/storage/dlio_benchmark/src/utils/statscounter.py:243]
[INFO] 2023-04-04T11:33:01.301553 Rank 3 step 1 processed 4 samples in 3.8095128536224365 s [/home/ubuntu/storage/dlio_benchmark/src/utils/statscounter.py:243]
[INFO] 2023-04-04T11:33:01.301549 Rank 0 step 1 processed 4 samples in 3.80940842628479 s [/home/ubuntu/storage/dlio_benchmark/src/utils/statscounter.py:243]
[INFO] 2023-04-04T11:33:02.666358 Rank 2 step 2 processed 4 samples in 1.3644373416900635 s [/home/ubuntu/storage/dlio_benchmark/src/utils/statscounter.py:243]
[INFO] 2023-04-04T11:33:02.666361 Rank 0 step 2 processed 4 samples in 1.3644180297851562 s [/home/ubuntu/storage/dlio_benchmark/src/utils/statscounter.py:243]
[INFO] 2023-04-04T11:33:02.666361 Rank 3 step 2 processed 4 samples in 1.3644347190856934 s [/home/ubuntu/storage/dlio_benchmark/src/utils/statscounter.py:243]
[INFO] 2023-04-04T11:33:02.666368 Rank 1 step 2 processed 4 samples in 1.364445686340332 s [/home/ubuntu/storage/dlio_benchmark/src/utils/statscounter.py:243]
[INFO] 2023-04-04T11:33:04.030788 Rank 3 step 3 processed 4 samples in 1.3641932010650635 s [/home/ubuntu/storage/dlio_benchmark/src/utils/statscounter.py:243]
[INFO] 2023-04-04T11:33:04.030786 Rank 1 step 3 processed 4 samples in 1.3641719818115234 s [/home/ubuntu/storage/dlio_benchmark/src/utils/statscounter.py:243]
[INFO] 2023-04-04T11:33:04.030788 Rank 2 step 3 processed 4 samples in 1.364203691482544 s [/home/ubuntu/storage/dlio_benchmark/src/utils/statscounter.py:243]
[INFO] 2023-04-04T11:33:04.030789 Rank 0 step 3 processed 4 samples in 1.364198923110962 s [/home/ubuntu/storage/dlio_benchmark/src/utils/statscounter.py:243]
[INFO] 2023-04-04T11:33:04.031046 Maximum number of steps reached [/home/ubuntu/storage/dlio_benchmark/src/dlio_benchmark.py:247]
[INFO] 2023-04-04T11:33:04.031396 Ending block 1 - 3 steps completed in 6.54 s [/home/ubuntu/storage/dlio_benchmark/src/utils/statscounter.py:200]
[INFO] 2023-04-04T11:33:04.037859 Epoch 2 - Block 1 [Training] Accelerator Utilization (%): 99.6722 [/home/ubuntu/storage/dlio_benchmark/src/utils/statscounter.py:203]
[INFO] 2023-04-04T11:33:04.037944 Epoch 2 - Block 1 [Training] Throughput (samples/second): 7.3404 [/home/ubuntu/storage/dlio_benchmark/src/utils/statscounter.py:204]
[INFO] 2023-04-04T11:33:04.065208 Ending epoch 2 - 3 steps completed in 6.57 s [/home/ubuntu/storage/dlio_benchmark/src/utils/statscounter.py:143]
[INFO] 2023-04-04T11:33:04.065737 Starting epoch 3: 3 steps expected [/home/ubuntu/storage/dlio_benchmark/src/utils/statscounter.py:116]
[INFO] 2023-04-04T11:33:04.065873 Prefetch size is 0; a default prefetch factor of 2 will be set to Torch DataLoader. [/home/ubuntu/storage/dlio_benchmark/src/reader/torch_data_loader_reader.py:123]
[INFO] 2023-04-04T11:33:04.066019 Starting block 1 [/home/ubuntu/storage/dlio_benchmark/src/utils/statscounter.py:182]
[INFO] 2023-04-04T11:33:07.666805 Rank 2 step 1 processed 4 samples in 3.591733694076538 s [/home/ubuntu/storage/dlio_benchmark/src/utils/statscounter.py:243]
[INFO] 2023-04-04T11:33:07.666827 Rank 3 step 1 processed 4 samples in 3.591662645339966 s [/home/ubuntu/storage/dlio_benchmark/src/utils/statscounter.py:243]
[INFO] 2023-04-04T11:33:07.666835 Rank 1 step 1 processed 4 samples in 3.6008267402648926 s [/home/ubuntu/storage/dlio_benchmark/src/utils/statscounter.py:243]
[INFO] 2023-04-04T11:33:07.666823 Rank 0 step 1 processed 4 samples in 3.6007394790649414 s [/home/ubuntu/storage/dlio_benchmark/src/utils/statscounter.py:243]
[INFO] 2023-04-04T11:33:09.031837 Rank 3 step 2 processed 4 samples in 1.364668369293213 s [/home/ubuntu/storage/dlio_benchmark/src/utils/statscounter.py:243]
[INFO] 2023-04-04T11:33:09.031835 Rank 1 step 2 processed 4 samples in 1.364546537399292 s [/home/ubuntu/storage/dlio_benchmark/src/utils/statscounter.py:243]
[INFO] 2023-04-04T11:33:09.031835 Rank 0 step 2 processed 4 samples in 1.3645951747894287 s [/home/ubuntu/storage/dlio_benchmark/src/utils/statscounter.py:243]
[INFO] 2023-04-04T11:33:09.031839 Rank 2 step 2 processed 4 samples in 1.364600658416748 s [/home/ubuntu/storage/dlio_benchmark/src/utils/statscounter.py:243]
[INFO] 2023-04-04T11:33:10.394659 Rank 1 step 3 processed 4 samples in 1.362595796585083 s [/home/ubuntu/storage/dlio_benchmark/src/utils/statscounter.py:243]
[INFO] 2023-04-04T11:33:10.394660 Rank 0 step 3 processed 4 samples in 1.3624677658081055 s [/home/ubuntu/storage/dlio_benchmark/src/utils/statscounter.py:243]
[INFO] 2023-04-04T11:33:10.394664 Rank 2 step 3 processed 4 samples in 1.3625547885894775 s [/home/ubuntu/storage/dlio_benchmark/src/utils/statscounter.py:243]
[INFO] 2023-04-04T11:33:10.394665 Rank 3 step 3 processed 4 samples in 1.3625328540802002 s [/home/ubuntu/storage/dlio_benchmark/src/utils/statscounter.py:243]
[INFO] 2023-04-04T11:33:10.394924 Maximum number of steps reached [/home/ubuntu/storage/dlio_benchmark/src/dlio_benchmark.py:247]
[INFO] 2023-04-04T11:33:10.395234 Ending block 1 - 3 steps completed in 6.33 s [/home/ubuntu/storage/dlio_benchmark/src/utils/statscounter.py:200]
[INFO] 2023-04-04T11:33:10.396467 Epoch 3 - Block 1 [Training] Accelerator Utilization (%): 99.7237 [/home/ubuntu/storage/dlio_benchmark/src/utils/statscounter.py:203]
[INFO] 2023-04-04T11:33:10.396540 Epoch 3 - Block 1 [Training] Throughput (samples/second): 7.5841 [/home/ubuntu/storage/dlio_benchmark/src/utils/statscounter.py:204]
[INFO] 2023-04-04T11:33:10.419878 Ending epoch 3 - 3 steps completed in 6.35 s [/home/ubuntu/storage/dlio_benchmark/src/utils/statscounter.py:143]
[INFO] 2023-04-04T11:33:10.420497 Starting epoch 4: 3 steps expected [/home/ubuntu/storage/dlio_benchmark/src/utils/statscounter.py:116]
[INFO] 2023-04-04T11:33:10.420657 Prefetch size is 0; a default prefetch factor of 2 will be set to Torch DataLoader. [/home/ubuntu/storage/dlio_benchmark/src/reader/torch_data_loader_reader.py:123]
[INFO] 2023-04-04T11:33:10.420831 Starting block 1 [/home/ubuntu/storage/dlio_benchmark/src/utils/statscounter.py:182]
[INFO] 2023-04-04T11:33:13.869926 Rank 3 step 1 processed 4 samples in 3.4491209983825684 s [/home/ubuntu/storage/dlio_benchmark/src/utils/statscounter.py:243]
[INFO] 2023-04-04T11:33:13.869936 Rank 2 step 1 processed 4 samples in 3.449201822280884 s [/home/ubuntu/storage/dlio_benchmark/src/utils/statscounter.py:243]
[INFO] 2023-04-04T11:33:13.869937 Rank 1 step 1 processed 4 samples in 3.4491968154907227 s [/home/ubuntu/storage/dlio_benchmark/src/utils/statscounter.py:243]
[INFO] 2023-04-04T11:33:13.869926 Rank 0 step 1 processed 4 samples in 3.4489991664886475 s [/home/ubuntu/storage/dlio_benchmark/src/utils/statscounter.py:243]
[INFO] 2023-04-04T11:33:15.234811 Rank 1 step 2 processed 4 samples in 1.3644945621490479 s [/home/ubuntu/storage/dlio_benchmark/src/utils/statscounter.py:243]
[INFO] 2023-04-04T11:33:15.234811 Rank 0 step 2 processed 4 samples in 1.3644673824310303 s [/home/ubuntu/storage/dlio_benchmark/src/utils/statscounter.py:243]
[INFO] 2023-04-04T11:33:15.234811 Rank 2 step 2 processed 4 samples in 1.3645093441009521 s [/home/ubuntu/storage/dlio_benchmark/src/utils/statscounter.py:243]
[INFO] 2023-04-04T11:33:15.234811 Rank 3 step 2 processed 4 samples in 1.364454746246338 s [/home/ubuntu/storage/dlio_benchmark/src/utils/statscounter.py:243]
[INFO] 2023-04-04T11:33:16.598574 Rank 0 step 3 processed 4 samples in 1.3635385036468506 s [/home/ubuntu/storage/dlio_benchmark/src/utils/statscounter.py:243]
[INFO] 2023-04-04T11:33:16.598574 Rank 3 step 3 processed 4 samples in 1.363520860671997 s [/home/ubuntu/storage/dlio_benchmark/src/utils/statscounter.py:243]
[INFO] 2023-04-04T11:33:16.598573 Rank 1 step 3 processed 4 samples in 1.36348295211792 s [/home/ubuntu/storage/dlio_benchmark/src/utils/statscounter.py:243]
[INFO] 2023-04-04T11:33:16.598574 Rank 2 step 3 processed 4 samples in 1.363532543182373 s [/home/ubuntu/storage/dlio_benchmark/src/utils/statscounter.py:243]
[INFO] 2023-04-04T11:33:16.598909 Maximum number of steps reached [/home/ubuntu/storage/dlio_benchmark/src/dlio_benchmark.py:247]
[INFO] 2023-04-04T11:33:16.599184 Ending block 1 - 3 steps completed in 6.18 s [/home/ubuntu/storage/dlio_benchmark/src/utils/statscounter.py:200]
[INFO] 2023-04-04T11:33:16.600492 Epoch 4 - Block 1 [Training] Accelerator Utilization (%): 99.6920 [/home/ubuntu/storage/dlio_benchmark/src/utils/statscounter.py:203]
[INFO] 2023-04-04T11:33:16.600566 Epoch 4 - Block 1 [Training] Throughput (samples/second): 7.7693 [/home/ubuntu/storage/dlio_benchmark/src/utils/statscounter.py:204]
[INFO] 2023-04-04T11:33:16.616771 Ending epoch 4 - 3 steps completed in 6.20 s [/home/ubuntu/storage/dlio_benchmark/src/utils/statscounter.py:143]
[INFO] 2023-04-04T11:33:16.630879 Starting epoch 5: 3 steps expected [/home/ubuntu/storage/dlio_benchmark/src/utils/statscounter.py:116]
[INFO] 2023-04-04T11:33:16.631127 Prefetch size is 0; a default prefetch factor of 2 will be set to Torch DataLoader. [/home/ubuntu/storage/dlio_benchmark/src/reader/torch_data_loader_reader.py:123]
[INFO] 2023-04-04T11:33:16.631292 Starting block 1 [/home/ubuntu/storage/dlio_benchmark/src/utils/statscounter.py:182]
[INFO] 2023-04-04T11:33:20.281099 Rank 1 step 1 processed 4 samples in 3.6500051021575928 s [/home/ubuntu/storage/dlio_benchmark/src/utils/statscounter.py:243]
[INFO] 2023-04-04T11:33:20.281103 Rank 2 step 1 processed 4 samples in 3.6499640941619873 s [/home/ubuntu/storage/dlio_benchmark/src/utils/statscounter.py:243]
[INFO] 2023-04-04T11:33:20.281074 Rank 0 step 1 processed 4 samples in 3.6496975421905518 s [/home/ubuntu/storage/dlio_benchmark/src/utils/statscounter.py:243]
[INFO] 2023-04-04T11:33:20.281122 Rank 3 step 1 processed 4 samples in 3.6499998569488525 s [/home/ubuntu/storage/dlio_benchmark/src/utils/statscounter.py:243]
[INFO] 2023-04-04T11:33:21.646236 Rank 0 step 2 processed 4 samples in 1.3647639751434326 s [/home/ubuntu/storage/dlio_benchmark/src/utils/statscounter.py:243]
[INFO] 2023-04-04T11:33:21.646235 Rank 1 step 2 processed 4 samples in 1.3647360801696777 s [/home/ubuntu/storage/dlio_benchmark/src/utils/statscounter.py:243]
[INFO] 2023-04-04T11:33:21.646239 Rank 3 step 2 processed 4 samples in 1.3647582530975342 s [/home/ubuntu/storage/dlio_benchmark/src/utils/statscounter.py:243]
[INFO] 2023-04-04T11:33:21.646241 Rank 2 step 2 processed 4 samples in 1.3647770881652832 s [/home/ubuntu/storage/dlio_benchmark/src/utils/statscounter.py:243]
[INFO] 2023-04-04T11:33:23.010093 Rank 1 step 3 processed 4 samples in 1.3636348247528076 s [/home/ubuntu/storage/dlio_benchmark/src/utils/statscounter.py:243]
[INFO] 2023-04-04T11:33:23.010093 Rank 0 step 3 processed 4 samples in 1.3636369705200195 s [/home/ubuntu/storage/dlio_benchmark/src/utils/statscounter.py:243]
[INFO] 2023-04-04T11:33:23.010098 Rank 2 step 3 processed 4 samples in 1.3636157512664795 s [/home/ubuntu/storage/dlio_benchmark/src/utils/statscounter.py:243]
[INFO] 2023-04-04T11:33:23.010099 Rank 3 step 3 processed 4 samples in 1.3636252880096436 s [/home/ubuntu/storage/dlio_benchmark/src/utils/statscounter.py:243]
[INFO] 2023-04-04T11:33:23.010305 Maximum number of steps reached [/home/ubuntu/storage/dlio_benchmark/src/dlio_benchmark.py:247]
[INFO] 2023-04-04T11:33:23.010665 Ending block 1 - 3 steps completed in 6.38 s [/home/ubuntu/storage/dlio_benchmark/src/utils/statscounter.py:200]
[INFO] 2023-04-04T11:33:23.012333 Epoch 5 - Block 1 [Training] Accelerator Utilization (%): 99.6812 [/home/ubuntu/storage/dlio_benchmark/src/utils/statscounter.py:203]
[INFO] 2023-04-04T11:33:23.012416 Epoch 5 - Block 1 [Training] Throughput (samples/second): 7.5245 [/home/ubuntu/storage/dlio_benchmark/src/utils/statscounter.py:204]
[INFO] 2023-04-04T11:33:23.036931 Starting checkpoint 1 after total step 3 for epoch 5 [/home/ubuntu/storage/dlio_benchmark/src/utils/statscounter.py:209]
[INFO] 2023-04-04T11:33:23.786988 Ending checkpoint 1 for epoch 5 [/home/ubuntu/storage/dlio_benchmark/src/utils/statscounter.py:219]
[INFO] 2023-04-04T11:33:23.787980 Ending epoch 5 - 3 steps completed in 7.16 s [/home/ubuntu/storage/dlio_benchmark/src/utils/statscounter.py:143]
[INFO] 2023-04-04T11:33:23.789010 Saved outputs in /home/ubuntu/storage/results/unet3d/2023-04-04-11-32-50 [/home/ubuntu/storage/dlio_benchmark/src/utils/statscounter.py:98]
[INFO] Averaged metric over all epochs
[METRIC] ==========================================================
[METRIC] Training Accelerator Utilization (%): 99.5217 (0.3527)
[METRIC] Training Throughput (samples/second): 7.5528 (0.1391)
[METRIC] Training I/O Throughput (MB/second): 1689.5203 (31.1086)
[METRIC] ==========================================================
 [/home/ubuntu/storage/dlio_benchmark/src/utils/statscounter.py:109]
