[INFO] 2023-04-04T11:40:09.946603 Running DLIO with 2 process(es) [/home/ubuntu/storage/dlio_benchmark/src/dlio_benchmark.py:104]
[INFO] 2023-04-04T11:40:09.946756 Reading workload YAML config file '/home/ubuntu/storage/storage-conf/workload/unet3d.yaml' [/home/ubuntu/storage/dlio_benchmark/src/dlio_benchmark.py:106]
[INFO] 2023-04-04T11:40:10.008301 Max steps per epoch: 6 = 1 * 50 / 4 / 2 (samples per file * num files / batch size / comm size) [/home/ubuntu/storage/dlio_benchmark/src/dlio_benchmark.py:274]
[INFO] 2023-04-04T11:40:10.008412 Starting epoch 1: 6 steps expected [/home/ubuntu/storage/dlio_benchmark/src/utils/statscounter.py:116]
[INFO] 2023-04-04T11:40:10.008534 Prefetch size is 0; a default prefetch factor of 2 will be set to Torch DataLoader. [/home/ubuntu/storage/dlio_benchmark/src/reader/torch_data_loader_reader.py:123]
[INFO] 2023-04-04T11:40:10.008751 Starting block 1 [/home/ubuntu/storage/dlio_benchmark/src/utils/statscounter.py:182]
[INFO] 2023-04-04T11:40:12.806748 Rank 0 step 1 processed 4 samples in 2.7979302406311035 s [/home/ubuntu/storage/dlio_benchmark/src/utils/statscounter.py:243]
[INFO] 2023-04-04T11:40:12.807339 Rank 1 step 1 processed 4 samples in 2.7987558841705322 s [/home/ubuntu/storage/dlio_benchmark/src/utils/statscounter.py:243]
[INFO] 2023-04-04T11:40:14.170184 Rank 1 step 2 processed 4 samples in 1.3623871803283691 s [/home/ubuntu/storage/dlio_benchmark/src/utils/statscounter.py:243]
[INFO] 2023-04-04T11:40:14.170182 Rank 0 step 2 processed 4 samples in 1.3630118370056152 s [/home/ubuntu/storage/dlio_benchmark/src/utils/statscounter.py:243]
[INFO] 2023-04-04T11:40:15.533130 Rank 0 step 3 processed 4 samples in 1.362734079360962 s [/home/ubuntu/storage/dlio_benchmark/src/utils/statscounter.py:243]
[INFO] 2023-04-04T11:40:15.533134 Rank 1 step 3 processed 4 samples in 1.3626606464385986 s [/home/ubuntu/storage/dlio_benchmark/src/utils/statscounter.py:243]
[INFO] 2023-04-04T11:40:16.895878 Rank 0 step 4 processed 4 samples in 1.3625247478485107 s [/home/ubuntu/storage/dlio_benchmark/src/utils/statscounter.py:243]
[INFO] 2023-04-04T11:40:16.895882 Rank 1 step 4 processed 4 samples in 1.3624122142791748 s [/home/ubuntu/storage/dlio_benchmark/src/utils/statscounter.py:243]
[INFO] 2023-04-04T11:40:18.260900 Rank 1 step 5 processed 4 samples in 1.364675521850586 s [/home/ubuntu/storage/dlio_benchmark/src/utils/statscounter.py:243]
[INFO] 2023-04-04T11:40:18.260900 Rank 0 step 5 processed 4 samples in 1.3648064136505127 s [/home/ubuntu/storage/dlio_benchmark/src/utils/statscounter.py:243]
[INFO] 2023-04-04T11:40:19.624594 Rank 1 step 6 processed 4 samples in 1.3634076118469238 s [/home/ubuntu/storage/dlio_benchmark/src/utils/statscounter.py:243]
[INFO] 2023-04-04T11:40:19.624594 Rank 0 step 6 processed 4 samples in 1.3634817600250244 s [/home/ubuntu/storage/dlio_benchmark/src/utils/statscounter.py:243]
[INFO] 2023-04-04T11:40:19.624784 Maximum number of steps reached [/home/ubuntu/storage/dlio_benchmark/src/dlio_benchmark.py:247]
[INFO] 2023-04-04T11:40:19.625074 Ending block 1 - 6 steps completed in 9.62 s [/home/ubuntu/storage/dlio_benchmark/src/utils/statscounter.py:200]
[INFO] 2023-04-04T11:40:19.627151 Epoch 1 - Block 1 [Training] Accelerator Utilization (%): 99.7617 [/home/ubuntu/storage/dlio_benchmark/src/utils/statscounter.py:203]
[INFO] 2023-04-04T11:40:19.627238 Epoch 1 - Block 1 [Training] Throughput (samples/second): 4.9916 [/home/ubuntu/storage/dlio_benchmark/src/utils/statscounter.py:204]
[INFO] 2023-04-04T11:40:19.643917 Ending epoch 1 - 6 steps completed in 9.64 s [/home/ubuntu/storage/dlio_benchmark/src/utils/statscounter.py:143]
[INFO] 2023-04-04T11:40:19.644424 Starting epoch 2: 6 steps expected [/home/ubuntu/storage/dlio_benchmark/src/utils/statscounter.py:116]
[INFO] 2023-04-04T11:40:19.644583 Prefetch size is 0; a default prefetch factor of 2 will be set to Torch DataLoader. [/home/ubuntu/storage/dlio_benchmark/src/reader/torch_data_loader_reader.py:123]
[INFO] 2023-04-04T11:40:19.644744 Starting block 1 [/home/ubuntu/storage/dlio_benchmark/src/utils/statscounter.py:182]
[INFO] 2023-04-04T11:40:22.344932 Rank 1 step 1 processed 4 samples in 2.7002639770507812 s [/home/ubuntu/storage/dlio_benchmark/src/utils/statscounter.py:243]
[INFO] 2023-04-04T11:40:22.344933 Rank 0 step 1 processed 4 samples in 2.700101852416992 s [/home/ubuntu/storage/dlio_benchmark/src/utils/statscounter.py:243]
[INFO] 2023-04-04T11:40:23.707728 Rank 1 step 2 processed 4 samples in 1.3624796867370605 s [/home/ubuntu/storage/dlio_benchmark/src/utils/statscounter.py:243]
[INFO] 2023-04-04T11:40:23.707726 Rank 0 step 2 processed 4 samples in 1.3624203205108643 s [/home/ubuntu/storage/dlio_benchmark/src/utils/statscounter.py:243]
[INFO] 2023-04-04T11:40:25.070374 Rank 1 step 3 processed 4 samples in 1.3624155521392822 s [/home/ubuntu/storage/dlio_benchmark/src/utils/statscounter.py:243]
[INFO] 2023-04-04T11:40:25.070374 Rank 0 step 3 processed 4 samples in 1.3624091148376465 s [/home/ubuntu/storage/dlio_benchmark/src/utils/statscounter.py:243]
[INFO] 2023-04-04T11:40:26.434284 Rank 0 step 4 processed 4 samples in 1.3636503219604492 s [/home/ubuntu/storage/dlio_benchmark/src/utils/statscounter.py:243]
[INFO] 2023-04-04T11:40:26.434285 Rank 1 step 4 processed 4 samples in 1.363668441772461 s [/home/ubuntu/storage/dlio_benchmark/src/utils/statscounter.py:243]
[INFO] 2023-04-04T11:40:27.798781 Rank 1 step 5 processed 4 samples in 1.364245891571045 s [/home/ubuntu/storage/dlio_benchmark/src/utils/statscounter.py:243]
[INFO] 2023-04-04T11:40:27.798780 Rank 0 step 5 processed 4 samples in 1.3642158508300781 s [/home/ubuntu/storage/dlio_benchmark/src/utils/statscounter.py:243]
[INFO] 2023-04-04T11:40:29.162521 Rank 1 step 6 processed 4 samples in 1.3634240627288818 s [/home/ubuntu/storage/dlio_benchmark/src/utils/statscounter.py:243]
[INFO] 2023-04-04T11:40:29.162520 Rank 0 step 6 processed 4 samples in 1.3635122776031494 s [/home/ubuntu/storage/dlio_benchmark/src/utils/statscounter.py:243]
[INFO] 2023-04-04T11:40:29.162775 Maximum number of steps reached [/home/ubuntu/storage/dlio_benchmark/src/dlio_benchmark.py:247]
[INFO] 2023-04-04T11:40:29.163033 Ending block 1 - 6 steps completed in 9.52 s [/home/ubuntu/storage/dlio_benchmark/src/utils/statscounter.py:200]
[INFO] 2023-04-04T11:40:29.164553 Epoch 2 - Block 1 [Training] Accelerator Utilization (%): 99.7642 [/home/ubuntu/storage/dlio_benchmark/src/utils/statscounter.py:203]
[INFO] 2023-04-04T11:40:29.164627 Epoch 2 - Block 1 [Training] Throughput (samples/second): 5.0430 [/home/ubuntu/storage/dlio_benchmark/src/utils/statscounter.py:204]
[INFO] 2023-04-04T11:40:29.177249 Ending epoch 2 - 6 steps completed in 9.53 s [/home/ubuntu/storage/dlio_benchmark/src/utils/statscounter.py:143]
[INFO] 2023-04-04T11:40:29.181237 Starting epoch 3: 6 steps expected [/home/ubuntu/storage/dlio_benchmark/src/utils/statscounter.py:116]
[INFO] 2023-04-04T11:40:29.181487 Prefetch size is 0; a default prefetch factor of 2 will be set to Torch DataLoader. [/home/ubuntu/storage/dlio_benchmark/src/reader/torch_data_loader_reader.py:123]
[INFO] 2023-04-04T11:40:29.181672 Starting block 1 [/home/ubuntu/storage/dlio_benchmark/src/utils/statscounter.py:182]
[INFO] 2023-04-04T11:40:32.336709 Rank 1 step 1 processed 4 samples in 3.155245304107666 s [/home/ubuntu/storage/dlio_benchmark/src/utils/statscounter.py:243]
[INFO] 2023-04-04T11:40:32.336708 Rank 0 step 1 processed 4 samples in 3.1549439430236816 s [/home/ubuntu/storage/dlio_benchmark/src/utils/statscounter.py:243]
[INFO] 2023-04-04T11:40:33.701522 Rank 1 step 2 processed 4 samples in 1.3644158840179443 s [/home/ubuntu/storage/dlio_benchmark/src/utils/statscounter.py:243]
[INFO] 2023-04-04T11:40:33.701521 Rank 0 step 2 processed 4 samples in 1.3644115924835205 s [/home/ubuntu/storage/dlio_benchmark/src/utils/statscounter.py:243]
[INFO] 2023-04-04T11:40:35.064192 Rank 0 step 3 processed 4 samples in 1.3624348640441895 s [/home/ubuntu/storage/dlio_benchmark/src/utils/statscounter.py:243]
[INFO] 2023-04-04T11:40:35.064192 Rank 1 step 3 processed 4 samples in 1.3623988628387451 s [/home/ubuntu/storage/dlio_benchmark/src/utils/statscounter.py:243]
[INFO] 2023-04-04T11:40:36.428237 Rank 1 step 4 processed 4 samples in 1.3637006282806396 s [/home/ubuntu/storage/dlio_benchmark/src/utils/statscounter.py:243]
[INFO] 2023-04-04T11:40:36.428234 Rank 0 step 4 processed 4 samples in 1.3637468814849854 s [/home/ubuntu/storage/dlio_benchmark/src/utils/statscounter.py:243]
[INFO] 2023-04-04T11:40:37.794201 Rank 0 step 5 processed 4 samples in 1.3656690120697021 s [/home/ubuntu/storage/dlio_benchmark/src/utils/statscounter.py:243]
[INFO] 2023-04-04T11:40:37.794205 Rank 1 step 5 processed 4 samples in 1.365626335144043 s [/home/ubuntu/storage/dlio_benchmark/src/utils/statscounter.py:243]
[INFO] 2023-04-04T11:40:39.157873 Rank 1 step 6 processed 4 samples in 1.3634166717529297 s [/home/ubuntu/storage/dlio_benchmark/src/utils/statscounter.py:243]
[INFO] 2023-04-04T11:40:39.157872 Rank 0 step 6 processed 4 samples in 1.3633801937103271 s [/home/ubuntu/storage/dlio_benchmark/src/utils/statscounter.py:243]
[INFO] 2023-04-04T11:40:39.158110 Maximum number of steps reached [/home/ubuntu/storage/dlio_benchmark/src/dlio_benchmark.py:247]
[INFO] 2023-04-04T11:40:39.158340 Ending block 1 - 6 steps completed in 9.98 s [/home/ubuntu/storage/dlio_benchmark/src/utils/statscounter.py:200]
[INFO] 2023-04-04T11:40:39.159378 Epoch 3 - Block 1 [Training] Accelerator Utilization (%): 99.7122 [/home/ubuntu/storage/dlio_benchmark/src/utils/statscounter.py:203]
[INFO] 2023-04-04T11:40:39.159449 Epoch 3 - Block 1 [Training] Throughput (samples/second): 4.8113 [/home/ubuntu/storage/dlio_benchmark/src/utils/statscounter.py:204]
[INFO] 2023-04-04T11:40:39.174658 Ending epoch 3 - 6 steps completed in 9.99 s [/home/ubuntu/storage/dlio_benchmark/src/utils/statscounter.py:143]
[INFO] 2023-04-04T11:40:39.175328 Starting epoch 4: 6 steps expected [/home/ubuntu/storage/dlio_benchmark/src/utils/statscounter.py:116]
[INFO] 2023-04-04T11:40:39.175529 Prefetch size is 0; a default prefetch factor of 2 will be set to Torch DataLoader. [/home/ubuntu/storage/dlio_benchmark/src/reader/torch_data_loader_reader.py:123]
[INFO] 2023-04-04T11:40:39.175720 Starting block 1 [/home/ubuntu/storage/dlio_benchmark/src/utils/statscounter.py:182]
[INFO] 2023-04-04T11:40:42.058783 Rank 1 step 1 processed 4 samples in 2.8832199573516846 s [/home/ubuntu/storage/dlio_benchmark/src/utils/statscounter.py:243]
[INFO] 2023-04-04T11:40:42.058790 Rank 0 step 1 processed 4 samples in 2.882962226867676 s [/home/ubuntu/storage/dlio_benchmark/src/utils/statscounter.py:243]
[INFO] 2023-04-04T11:40:43.424250 Rank 0 step 2 processed 4 samples in 1.3650836944580078 s [/home/ubuntu/storage/dlio_benchmark/src/utils/statscounter.py:243]
[INFO] 2023-04-04T11:40:43.424251 Rank 1 step 2 processed 4 samples in 1.3651185035705566 s [/home/ubuntu/storage/dlio_benchmark/src/utils/statscounter.py:243]
[INFO] 2023-04-04T11:40:44.787914 Rank 0 step 3 processed 4 samples in 1.3632760047912598 s [/home/ubuntu/storage/dlio_benchmark/src/utils/statscounter.py:243]
[INFO] 2023-04-04T11:40:44.787914 Rank 1 step 3 processed 4 samples in 1.3634259700775146 s [/home/ubuntu/storage/dlio_benchmark/src/utils/statscounter.py:243]
[INFO] 2023-04-04T11:40:46.150688 Rank 1 step 4 processed 4 samples in 1.3625361919403076 s [/home/ubuntu/storage/dlio_benchmark/src/utils/statscounter.py:243]
[INFO] 2023-04-04T11:40:46.150688 Rank 0 step 4 processed 4 samples in 1.3623666763305664 s [/home/ubuntu/storage/dlio_benchmark/src/utils/statscounter.py:243]
[INFO] 2023-04-04T11:40:47.515074 Rank 1 step 5 processed 4 samples in 1.3641033172607422 s [/home/ubuntu/storage/dlio_benchmark/src/utils/statscounter.py:243]
[INFO] 2023-04-04T11:40:47.515074 Rank 0 step 5 processed 4 samples in 1.3641362190246582 s [/home/ubuntu/storage/dlio_benchmark/src/utils/statscounter.py:243]
[INFO] 2023-04-04T11:40:48.878657 Rank 1 step 6 processed 4 samples in 1.363182544708252 s [/home/ubuntu/storage/dlio_benchmark/src/utils/statscounter.py:243]
[INFO] 2023-04-04T11:40:48.878656 Rank 0 step 6 processed 4 samples in 1.3633520603179932 s [/home/ubuntu/storage/dlio_benchmark/src/utils/statscounter.py:243]
[INFO] 2023-04-04T11:40:48.878878 Maximum number of steps reached [/home/ubuntu/storage/dlio_benchmark/src/dlio_benchmark.py:247]
[INFO] 2023-04-04T11:40:48.879365 Ending block 1 - 6 steps completed in 9.70 s [/home/ubuntu/storage/dlio_benchmark/src/utils/statscounter.py:200]
[INFO] 2023-04-04T11:40:48.880798 Epoch 4 - Block 1 [Training] Accelerator Utilization (%): 99.7293 [/home/ubuntu/storage/dlio_benchmark/src/utils/statscounter.py:203]
[INFO] 2023-04-04T11:40:48.880907 Epoch 4 - Block 1 [Training] Throughput (samples/second): 4.9467 [/home/ubuntu/storage/dlio_benchmark/src/utils/statscounter.py:204]
[INFO] 2023-04-04T11:40:48.894875 Ending epoch 4 - 6 steps completed in 9.72 s [/home/ubuntu/storage/dlio_benchmark/src/utils/statscounter.py:143]
[INFO] 2023-04-04T11:40:48.895468 Starting epoch 5: 6 steps expected [/home/ubuntu/storage/dlio_benchmark/src/utils/statscounter.py:116]
[INFO] 2023-04-04T11:40:48.895652 Prefetch size is 0; a default prefetch factor of 2 will be set to Torch DataLoader. [/home/ubuntu/storage/dlio_benchmark/src/reader/torch_data_loader_reader.py:123]
[INFO] 2023-04-04T11:40:48.895817 Starting block 1 [/home/ubuntu/storage/dlio_benchmark/src/utils/statscounter.py:182]
[INFO] 2023-04-04T11:40:51.819616 Rank 1 step 1 processed 4 samples in 2.9239258766174316 s [/home/ubuntu/storage/dlio_benchmark/src/utils/statscounter.py:243]
[INFO] 2023-04-04T11:40:51.819620 Rank 0 step 1 processed 4 samples in 2.9237189292907715 s [/home/ubuntu/storage/dlio_benchmark/src/utils/statscounter.py:243]
[INFO] 2023-04-04T11:40:53.183469 Rank 1 step 2 processed 4 samples in 1.3635168075561523 s [/home/ubuntu/storage/dlio_benchmark/src/utils/statscounter.py:243]
[INFO] 2023-04-04T11:40:53.183467 Rank 0 step 2 processed 4 samples in 1.3634974956512451 s [/home/ubuntu/storage/dlio_benchmark/src/utils/statscounter.py:243]
[INFO] 2023-04-04T11:40:54.546101 Rank 0 step 3 processed 4 samples in 1.36240553855896 s [/home/ubuntu/storage/dlio_benchmark/src/utils/statscounter.py:243]
[INFO] 2023-04-04T11:40:54.546102 Rank 1 step 3 processed 4 samples in 1.3624119758605957 s [/home/ubuntu/storage/dlio_benchmark/src/utils/statscounter.py:243]
[INFO] 2023-04-04T11:40:55.910052 Rank 1 step 4 processed 4 samples in 1.3637030124664307 s [/home/ubuntu/storage/dlio_benchmark/src/utils/statscounter.py:243]
[INFO] 2023-04-04T11:40:55.910052 Rank 0 step 4 processed 4 samples in 1.3636682033538818 s [/home/ubuntu/storage/dlio_benchmark/src/utils/statscounter.py:243]
[INFO] 2023-04-04T11:40:57.275544 Rank 0 step 5 processed 4 samples in 1.3652548789978027 s [/home/ubuntu/storage/dlio_benchmark/src/utils/statscounter.py:243]
[INFO] 2023-04-04T11:40:57.275547 Rank 1 step 5 processed 4 samples in 1.3652145862579346 s [/home/ubuntu/storage/dlio_benchmark/src/utils/statscounter.py:243]
[INFO] 2023-04-04T11:40:58.638296 Rank 0 step 6 processed 4 samples in 1.3623430728912354 s [/home/ubuntu/storage/dlio_benchmark/src/utils/statscounter.py:243]
[INFO] 2023-04-04T11:40:58.638296 Rank 1 step 6 processed 4 samples in 1.3625106811523438 s [/home/ubuntu/storage/dlio_benchmark/src/utils/statscounter.py:243]
[INFO] 2023-04-04T11:40:58.638752 Maximum number of steps reached [/home/ubuntu/storage/dlio_benchmark/src/dlio_benchmark.py:247]
[INFO] 2023-04-04T11:40:58.639059 Ending block 1 - 6 steps completed in 9.74 s [/home/ubuntu/storage/dlio_benchmark/src/utils/statscounter.py:200]
[INFO] 2023-04-04T11:40:58.640779 Epoch 5 - Block 1 [Training] Accelerator Utilization (%): 99.7447 [/home/ubuntu/storage/dlio_benchmark/src/utils/statscounter.py:203]
[INFO] 2023-04-04T11:40:58.640905 Epoch 5 - Block 1 [Training] Throughput (samples/second): 4.9266 [/home/ubuntu/storage/dlio_benchmark/src/utils/statscounter.py:204]
[INFO] 2023-04-04T11:40:58.652438 Starting checkpoint 1 after total step 6 for epoch 5 [/home/ubuntu/storage/dlio_benchmark/src/utils/statscounter.py:209]
[INFO] 2023-04-04T11:41:00.655303 Ending checkpoint 1 for epoch 5 [/home/ubuntu/storage/dlio_benchmark/src/utils/statscounter.py:219]
[INFO] 2023-04-04T11:41:00.656814 Ending epoch 5 - 6 steps completed in 11.76 s [/home/ubuntu/storage/dlio_benchmark/src/utils/statscounter.py:143]
[INFO] 2023-04-04T11:41:00.657837 Saved outputs in /home/ubuntu/storage/results/unet3d/2023-04-04-11-40-09 [/home/ubuntu/storage/dlio_benchmark/src/utils/statscounter.py:98]
[INFO] Averaged metric over all epochs
[METRIC] ==========================================================
[METRIC] Training Accelerator Utilization (%): 99.7045 (0.0813)
[METRIC] Training Throughput (samples/second): 4.9425 (0.0778)
[METRIC] Training I/O Throughput (MB/second): 1105.6001 (17.4043)
[METRIC] ==========================================================
 [/home/ubuntu/storage/dlio_benchmark/src/utils/statscounter.py:109]
